0 verbose cli C:\Program Files\nodejs\node.exe C:\Users\fei\AppData\Roaming\npm\node_modules\npm\bin\npm-cli.js
1 info using npm@11.7.0
2 info using node@v24.13.0
3 silly config load:file:C:\Users\fei\AppData\Roaming\npm\node_modules\npm\npmrc
4 silly config load:file:C:\RACshuffer2026google\RACfleet2026google\.npmrc
5 silly config load:file:C:\Users\fei\.npmrc
6 silly config load:file:C:\Users\fei\AppData\Roaming\npm\etc\npmrc
7 verbose title npm install
8 verbose argv "install"
9 verbose logfile logs-max:10 dir:c:\RACshuffer2026google\.npm-cache\_logs\2026-04-25T13_33_51_356Z-
10 verbose logfile c:\RACshuffer2026google\.npm-cache\_logs\2026-04-25T13_33_51_356Z-debug-0.log
11 silly logfile done cleaning log files
12 silly packumentCache heap:4496293888 maxSize:1124073472 maxEntrySize:562036736
13 silly idealTree buildDeps
14 http fetch GET https://registry.npmjs.org/npm attempt 1 failed with EACCES
15 silly reify mark retired [
15 silly reify   'C:\\RACshuffer2026google\\RACfleet2026google\\node_modules\\autoprefixer'
15 silly reify ]
16 silly reify mark retired [
16 silly reify   'C:\\RACshuffer2026google\\RACfleet2026google\\node_modules\\base64id'
16 silly reify ]
17 silly reify mark retired [
17 silly reify   'C:\\RACshuffer2026google\\RACfleet2026google\\node_modules\\baseline-browser-mapping'
17 silly reify ]
18 silly reify mark retired [
18 silly reify   'C:\\RACshuffer2026google\\RACfleet2026google\\node_modules\\better-sqlite3'
18 silly reify ]
19 silly reify mark retired [
19 silly reify   'C:\\RACshuffer2026google\\RACfleet2026google\\node_modules\\body-parser'
19 silly reify ]
20 silly reify mark retired [
20 silly reify   'C:\\RACshuffer2026google\\RACfleet2026google\\node_modules\\browserslist'
20 silly reify ]
21 silly reify mark retired [
21 silly reify   'C:\\RACshuffer2026google\\RACfleet2026google\\node_modules\\caniuse-lite'
21 silly reify ]
22 silly reify mark retired [
22 silly reify   'C:\\RACshuffer2026google\\RACfleet2026google\\node_modules\\chownr'
22 silly reify ]
23 silly reify mark retired [
23 silly reify   'C:\\RACshuffer2026google\\RACfleet2026google\\node_modules\\decompress-response'
23 silly reify ]
24 silly reify mark retired [
24 silly reify   'C:\\RACshuffer2026google\\RACfleet2026google\\node_modules\\dotenv'
24 silly reify ]
25 silly reify mark retired [
25 silly reify   'C:\\RACshuffer2026google\\RACfleet2026google\\node_modules\\electron-to-chromium'
25 silly reify ]
26 silly reify mark retired [
26 silly reify   'C:\\RACshuffer2026google\\RACfleet2026google\\node_modules\\engine.io'
26 silly reify ]
27 silly reify mark retired [
27 silly reify   'C:\\RACshuffer2026google\\RACfleet2026google\\node_modules\\enhanced-resolve'
27 silly reify ]
28 silly reify mark retired [
28 silly reify   'C:\\RACshuffer2026google\\RACfleet2026google\\node_modules\\esbuild'
28 silly reify ]
29 silly reify mark retired [
29 silly reify   'C:\\RACshuffer2026google\\RACfleet2026google\\node_modules\\expand-template'
29 silly reify ]
30 silly reify mark retired [
30 silly reify   'C:\\RACshuffer2026google\\RACfleet2026google\\node_modules\\framer-motion'
30 silly reify ]
31 silly reify mark retired [
31 silly reify   'C:\\RACshuffer2026google\\RACfleet2026google\\node_modules\\fs-constants'
31 silly reify ]
32 silly reify mark retired [
32 silly reify   'C:\\RACshuffer2026google\\RACfleet2026google\\node_modules\\gaxios'
32 silly reify ]
33 silly reify mark retired [
33 silly reify   'C:\\RACshuffer2026google\\RACfleet2026google\\node_modules\\gcp-metadata'
33 silly reify ]
34 silly reify mark retired [
34 silly reify   'C:\\RACshuffer2026google\\RACfleet2026google\\node_modules\\get-tsconfig'
34 silly reify ]
35 silly reify mark retired [
35 silly reify   'C:\\RACshuffer2026google\\RACfleet2026google\\node_modules\\github-from-package'
35 silly reify ]
36 silly reify mark retired [
36 silly reify   'C:\\RACshuffer2026google\\RACfleet2026google\\node_modules\\google-auth-library'
36 silly reify ]
37 silly reify mark retired [
37 silly reify   'C:\\RACshuffer2026google\\RACfleet2026google\\node_modules\\google-logging-utils'
37 silly reify ]
38 silly reify mark retired [
38 silly reify   'C:\\RACshuffer2026google\\RACfleet2026google\\node_modules\\hasown'
38 silly reify ]
39 silly reify mark retired [
39 silly reify   'C:\\RACshuffer2026google\\RACfleet2026google\\node_modules\\json-bigint'
39 silly reify ]
40 silly reify mark retired [
40 silly reify   'C:\\RACshuffer2026google\\RACfleet2026google\\node_modules\\lightningcss'
40 silly reify ]
41 silly reify mark retired [
41 silly reify   'C:\\RACshuffer2026google\\RACfleet2026google\\node_modules\\lightningcss-win32-x64-msvc'
41 silly reify ]
42 silly reify mark retired [
42 silly reify   'C:\\RACshuffer2026google\\RACfleet2026google\\node_modules\\lucide-react'
42 silly reify ]
43 silly reify mark retired [
43 silly reify   'C:\\RACshuffer2026google\\RACfleet2026google\\node_modules\\mimic-response'
43 silly reify ]
44 silly reify mark retired [
44 silly reify   'C:\\RACshuffer2026google\\RACfleet2026google\\node_modules\\mkdirp-classic'
44 silly reify ]
45 silly reify mark retired [
45 silly reify   'C:\\RACshuffer2026google\\RACfleet2026google\\node_modules\\motion'
45 silly reify ]
46 silly reify mark retired [
46 silly reify   'C:\\RACshuffer2026google\\RACfleet2026google\\node_modules\\motion-dom'
46 silly reify ]
47 silly reify mark retired [
47 silly reify   'C:\\RACshuffer2026google\\RACfleet2026google\\node_modules\\motion-utils'
47 silly reify ]
48 silly reify mark retired [
48 silly reify   'C:\\RACshuffer2026google\\RACfleet2026google\\node_modules\\napi-build-utils'
48 silly reify ]
49 silly reify mark retired [
49 silly reify   'C:\\RACshuffer2026google\\RACfleet2026google\\node_modules\\node-abi'
49 silly reify ]
50 silly reify mark retired [
50 silly reify   'C:\\RACshuffer2026google\\RACfleet2026google\\node_modules\\node-releases'
50 silly reify ]
51 silly reify mark retired [
51 silly reify   'C:\\RACshuffer2026google\\RACfleet2026google\\node_modules\\p-retry'
51 silly reify ]
52 silly reify mark retired [
52 silly reify   'C:\\RACshuffer2026google\\RACfleet2026google\\node_modules\\path-to-regexp'
52 silly reify ]
53 silly reify mark retired [
53 silly reify   'C:\\RACshuffer2026google\\RACfleet2026google\\node_modules\\picomatch'
53 silly reify ]
54 silly reify mark retired [
54 silly reify   'C:\\RACshuffer2026google\\RACfleet2026google\\node_modules\\postcss'
54 silly reify ]
55 silly reify mark retired [
55 silly reify   'C:\\RACshuffer2026google\\RACfleet2026google\\node_modules\\prebuild-install'
55 silly reify ]
56 silly reify mark retired [
56 silly reify   'C:\\RACshuffer2026google\\RACfleet2026google\\node_modules\\protobufjs'
56 silly reify ]
57 silly reify mark retired [ 'C:\\RACshuffer2026google\\RACfleet2026google\\node_modules\\pump' ]
58 silly reify mark retired [ 'C:\\RACshuffer2026google\\RACfleet2026google\\node_modules\\qs' ]
59 silly reify mark retired [ 'C:\\RACshuffer2026google\\RACfleet2026google\\node_modules\\react' ]
60 silly reify mark retired [
60 silly reify   'C:\\RACshuffer2026google\\RACfleet2026google\\node_modules\\react-dom'
60 silly reify ]
61 silly reify mark retired [
61 silly reify   'C:\\RACshuffer2026google\\RACfleet2026google\\node_modules\\react-router'
61 silly reify ]
62 silly reify mark retired [
62 silly reify   'C:\\RACshuffer2026google\\RACfleet2026google\\node_modules\\react-router-dom'
62 silly reify ]
63 silly reify mark retired [
63 silly reify   'C:\\RACshuffer2026google\\RACfleet2026google\\node_modules\\rollup'
63 silly reify ]
64 silly reify mark retired [
64 silly reify   'C:\\RACshuffer2026google\\RACfleet2026google\\node_modules\\set-cookie-parser'
64 silly reify ]
65 silly reify mark retired [
65 silly reify   'C:\\RACshuffer2026google\\RACfleet2026google\\node_modules\\side-channel-list'
65 silly reify ]
66 silly reify mark retired [
66 silly reify   'C:\\RACshuffer2026google\\RACfleet2026google\\node_modules\\simple-concat'
66 silly reify ]
67 silly reify mark retired [
67 silly reify   'C:\\RACshuffer2026google\\RACfleet2026google\\node_modules\\simple-get'
67 silly reify ]
68 silly reify mark retired [
68 silly reify   'C:\\RACshuffer2026google\\RACfleet2026google\\node_modules\\socket.io'
68 silly reify ]
69 silly reify mark retired [
69 silly reify   'C:\\RACshuffer2026google\\RACfleet2026google\\node_modules\\socket.io-adapter'
69 silly reify ]
70 silly reify mark retired [
70 silly reify   'C:\\RACshuffer2026google\\RACfleet2026google\\node_modules\\socket.io-parser'
70 silly reify ]
71 silly reify mark retired [
71 silly reify   'C:\\RACshuffer2026google\\RACfleet2026google\\node_modules\\tailwindcss'
71 silly reify ]
72 silly reify mark retired [
72 silly reify   'C:\\RACshuffer2026google\\RACfleet2026google\\node_modules\\tapable'
72 silly reify ]
73 silly reify mark retired [
73 silly reify   'C:\\RACshuffer2026google\\RACfleet2026google\\node_modules\\tar-fs'
73 silly reify ]
74 silly reify mark retired [
74 silly reify   'C:\\RACshuffer2026google\\RACfleet2026google\\node_modules\\tar-stream'
74 silly reify ]
75 silly reify mark retired [
75 silly reify   'C:\\RACshuffer2026google\\RACfleet2026google\\node_modules\\tinyglobby'
75 silly reify ]
76 silly reify mark retired [
76 silly reify   'C:\\RACshuffer2026google\\RACfleet2026google\\node_modules\\typescript'
76 silly reify ]
77 silly reify mark retired [ 'C:\\RACshuffer2026google\\RACfleet2026google\\node_modules\\vite' ]
78 silly reify mark retired [ 'C:\\RACshuffer2026google\\RACfleet2026google\\node_modules\\ws' ]
79 silly reify mark retired [
79 silly reify   'C:\\RACshuffer2026google\\RACfleet2026google\\node_modules\\@babel\\helpers'
79 silly reify ]
80 silly reify mark retired [
80 silly reify   'C:\\RACshuffer2026google\\RACfleet2026google\\node_modules\\@babel\\parser'
80 silly reify ]
81 silly reify mark retired [
81 silly reify   'C:\\RACshuffer2026google\\RACfleet2026google\\node_modules\\@esbuild\\win32-x64'
81 silly reify ]
82 silly reify mark retired [
82 silly reify   'C:\\RACshuffer2026google\\RACfleet2026google\\node_modules\\@google\\genai'
82 silly reify ]
83 silly reify mark retired [
83 silly reify   'C:\\RACshuffer2026google\\RACfleet2026google\\node_modules\\@rolldown\\pluginutils'
83 silly reify ]
84 silly reify mark retired [
84 silly reify   'C:\\RACshuffer2026google\\RACfleet2026google\\node_modules\\@rollup\\rollup-win32-x64-gnu'
84 silly reify ]
85 silly reify mark retired [
85 silly reify   'C:\\RACshuffer2026google\\RACfleet2026google\\node_modules\\@rollup\\rollup-win32-x64-msvc'
85 silly reify ]
86 silly reify mark retired [
86 silly reify   'C:\\RACshuffer2026google\\RACfleet2026google\\node_modules\\@tailwindcss\\node'
86 silly reify ]
87 silly reify mark retired [
87 silly reify   'C:\\RACshuffer2026google\\RACfleet2026google\\node_modules\\@tailwindcss\\oxide'
87 silly reify ]
88 silly reify mark retired [
88 silly reify   'C:\\RACshuffer2026google\\RACfleet2026google\\node_modules\\@tailwindcss\\oxide-win32-x64-msvc'
88 silly reify ]
89 silly reify mark retired [
89 silly reify   'C:\\RACshuffer2026google\\RACfleet2026google\\node_modules\\@tailwindcss\\vite'
89 silly reify ]
90 silly reify mark retired [
90 silly reify   'C:\\RACshuffer2026google\\RACfleet2026google\\node_modules\\@types\\express'
90 silly reify ]
91 silly reify mark retired [
91 silly reify   'C:\\RACshuffer2026google\\RACfleet2026google\\node_modules\\@types\\mime'
91 silly reify ]
92 silly reify mark retired [
92 silly reify   'C:\\RACshuffer2026google\\RACfleet2026google\\node_modules\\@types\\node'
92 silly reify ]
93 silly reify mark retired [
93 silly reify   'C:\\RACshuffer2026google\\RACfleet2026google\\node_modules\\@types\\qs'
93 silly reify ]
94 silly reify mark retired [
94 silly reify   'C:\\RACshuffer2026google\\RACfleet2026google\\node_modules\\@types\\retry'
94 silly reify ]
95 silly reify mark retired [
95 silly reify   'C:\\RACshuffer2026google\\RACfleet2026google\\node_modules\\@types\\serve-static'
95 silly reify ]
96 silly reify mark retired [
96 silly reify   'C:\\RACshuffer2026google\\RACfleet2026google\\node_modules\\@vitejs\\plugin-react'
96 silly reify ]
97 silly reify mark retired [
97 silly reify   'C:\\RACshuffer2026google\\RACfleet2026google\\node_modules\\jiti',
97 silly reify   'C:\\RACshuffer2026google\\RACfleet2026google\\node_modules\\.bin\\jiti',
97 silly reify   'C:\\RACshuffer2026google\\RACfleet2026google\\node_modules\\.bin\\jiti.cmd',
97 silly reify   'C:\\RACshuffer2026google\\RACfleet2026google\\node_modules\\.bin\\jiti.ps1'
97 silly reify ]
98 silly reify mark retired [
98 silly reify   'C:\\RACshuffer2026google\\RACfleet2026google\\node_modules\\jsesc',
98 silly reify   'C:\\RACshuffer2026google\\RACfleet2026google\\node_modules\\.bin\\jsesc',
98 silly reify   'C:\\RACshuffer2026google\\RACfleet2026google\\node_modules\\.bin\\jsesc.cmd',
98 silly reify   'C:\\RACshuffer2026google\\RACfleet2026google\\node_modules\\.bin\\jsesc.ps1'
98 silly reify ]
99 silly reify mark retired [
99 silly reify   'C:\\RACshuffer2026google\\RACfleet2026google\\node_modules\\json5',
99 silly reify   'C:\\RACshuffer2026google\\RACfleet2026google\\node_modules\\.bin\\json5',
99 silly reify   'C:\\RACshuffer2026google\\RACfleet2026google\\node_modules\\.bin\\json5.cmd',
99 silly reify   'C:\\RACshuffer2026google\\RACfleet2026google\\node_modules\\.bin\\json5.ps1'
99 silly reify ]
100 silly reify mark retired [
100 silly reify   'C:\\RACshuffer2026google\\RACfleet2026google\\node_modules\\mime',
100 silly reify   'C:\\RACshuffer2026google\\RACfleet2026google\\node_modules\\.bin\\mime',
100 silly reify   'C:\\RACshuffer2026google\\RACfleet2026google\\node_modules\\.bin\\mime.cmd',
100 silly reify   'C:\\RACshuffer2026google\\RACfleet2026google\\node_modules\\.bin\\mime.ps1'
100 silly reify ]
101 silly reify mark retired [
101 silly reify   'C:\\RACshuffer2026google\\RACfleet2026google\\node_modules\\nanoid',
101 silly reify   'C:\\RACshuffer2026google\\RACfleet2026google\\node_modules\\.bin\\nanoid',
101 silly reify   'C:\\RACshuffer2026google\\RACfleet2026google\\node_modules\\.bin\\nanoid.cmd',
101 silly reify   'C:\\RACshuffer2026google\\RACfleet2026google\\node_modules\\.bin\\nanoid.ps1'
101 silly reify ]
102 silly reify mark retired [
102 silly reify   'C:\\RACshuffer2026google\\RACfleet2026google\\node_modules\\rc',
102 silly reify   'C:\\RACshuffer2026google\\RACfleet2026google\\node_modules\\.bin\\rc',
102 silly reify   'C:\\RACshuffer2026google\\RACfleet2026google\\node_modules\\.bin\\rc.cmd',
102 silly reify   'C:\\RACshuffer2026google\\RACfleet2026google\\node_modules\\.bin\\rc.ps1'
102 silly reify ]
103 silly reify mark retired [
103 silly reify   'C:\\RACshuffer2026google\\RACfleet2026google\\node_modules\\semver',
103 silly reify   'C:\\RACshuffer2026google\\RACfleet2026google\\node_modules\\.bin\\semver',
103 silly reify   'C:\\RACshuffer2026google\\RACfleet2026google\\node_modules\\.bin\\semver.cmd',
103 silly reify   'C:\\RACshuffer2026google\\RACfleet2026google\\node_modules\\.bin\\semver.ps1'
103 silly reify ]
104 silly reify mark retired [
104 silly reify   'C:\\RACshuffer2026google\\RACfleet2026google\\node_modules\\tsx',
104 silly reify   'C:\\RACshuffer2026google\\RACfleet2026google\\node_modules\\.bin\\tsx',
104 silly reify   'C:\\RACshuffer2026google\\RACfleet2026google\\node_modules\\.bin\\tsx.cmd',
104 silly reify   'C:\\RACshuffer2026google\\RACfleet2026google\\node_modules\\.bin\\tsx.ps1'
104 silly reify ]
105 silly reify mark retired [
105 silly reify   'C:\\RACshuffer2026google\\RACfleet2026google\\node_modules\\update-browserslist-db',
105 silly reify   'C:\\RACshuffer2026google\\RACfleet2026google\\node_modules\\.bin\\update-browserslist-db',
105 silly reify   'C:\\RACshuffer2026google\\RACfleet2026google\\node_modules\\.bin\\update-browserslist-db.cmd',
105 silly reify   'C:\\RACshuffer2026google\\RACfleet2026google\\node_modules\\.bin\\update-browserslist-db.ps1'
105 silly reify ]
106 silly reify moves {
106 silly reify   'C:\\RACshuffer2026google\\RACfleet2026google\\node_modules\\autoprefixer': 'C:\\RACshuffer2026google\\RACfleet2026google\\node_modules\\.autoprefixer-8btU0Gc6',
106 silly reify   'C:\\RACshuffer2026google\\RACfleet2026google\\node_modules\\base64id': 'C:\\RACshuffer2026google\\RACfleet2026google\\node_modules\\.base64id-vA0d8EOB',
106 silly reify   'C:\\RACshuffer2026google\\RACfleet2026google\\node_modules\\baseline-browser-mapping': 'C:\\RACshuffer2026google\\RACfleet2026google\\node_modules\\.baseline-browser-mapping-XGuAFuDx',
106 silly reify   'C:\\RACshuffer2026google\\RACfleet2026google\\node_modules\\better-sqlite3': 'C:\\RACshuffer2026google\\RACfleet2026google\\node_modules\\.better-sqlite3-hvQE3SJT',
106 silly reify   'C:\\RACshuffer2026google\\RACfleet2026google\\node_modules\\body-parser': 'C:\\RACshuffer2026google\\RACfleet2026google\\node_modules\\.body-parser-aT6SdjZl',
106 silly reify   'C:\\RACshuffer2026google\\RACfleet2026google\\node_modules\\browserslist': 'C:\\RACshuffer2026google\\RACfleet2026google\\node_modules\\.browserslist-da77dHI5',
106 silly reify   'C:\\RACshuffer2026google\\RACfleet2026google\\node_modules\\caniuse-lite': 'C:\\RACshuffer2026google\\RACfleet2026google\\node_modules\\.caniuse-lite-UbBwimQs',
106 silly reify   'C:\\RACshuffer2026google\\RACfleet2026google\\node_modules\\chownr': 'C:\\RACshuffer2026google\\RACfleet2026google\\node_modules\\.chownr-PRxgw4kW',
106 silly reify   'C:\\RACshuffer2026google\\RACfleet2026google\\node_modules\\decompress-response': 'C:\\RACshuffer2026google\\RACfleet2026google\\node_modules\\.decompress-response-bqixMXC7',
106 silly reify   'C:\\RACshuffer2026google\\RACfleet2026google\\node_modules\\dotenv': 'C:\\RACshuffer2026google\\RACfleet2026google\\node_modules\\.dotenv-2mS0GM0c',
106 silly reify   'C:\\RACshuffer2026google\\RACfleet2026google\\node_modules\\electron-to-chromium': 'C:\\RACshuffer2026google\\RACfleet2026google\\node_modules\\.electron-to-chromium-GIYVnJ2m',
106 silly reify   'C:\\RACshuffer2026google\\RACfleet2026google\\node_modules\\engine.io': 'C:\\RACshuffer2026google\\RACfleet2026google\\node_modules\\.engine.io-3Tcd566u',
106 silly reify   'C:\\RACshuffer2026google\\RACfleet2026google\\node_modules\\enhanced-resolve': 'C:\\RACshuffer2026google\\RACfleet2026google\\node_modules\\.enhanced-resolve-vFb6klkr',
106 silly reify   'C:\\RACshuffer2026google\\RACfleet2026google\\node_modules\\esbuild': 'C:\\RACshuffer2026google\\RACfleet2026google\\node_modules\\.esbuild-teiSstM9',
106 silly reify   'C:\\RACshuffer2026google\\RACfleet2026google\\node_modules\\expand-template': 'C:\\RACshuffer2026google\\RACfleet2026google\\node_modules\\.expand-template-vjHsGtKw',
106 silly reify   'C:\\RACshuffer2026google\\RACfleet2026google\\node_modules\\framer-motion': 'C:\\RACshuffer2026google\\RACfleet2026google\\node_modules\\.framer-motion-lGRWbqK3',
106 silly reify   'C:\\RACshuffer2026google\\RACfleet2026google\\node_modules\\fs-constants': 'C:\\RACshuffer2026google\\RACfleet2026google\\node_modules\\.fs-constants-3TREi9M4',
106 silly reify   'C:\\RACshuffer2026google\\RACfleet2026google\\node_modules\\gaxios': 'C:\\RACshuffer2026google\\RACfleet2026google\\node_modules\\.gaxios-gRhKTsGa',
106 silly reify   'C:\\RACshuffer2026google\\RACfleet2026google\\node_modules\\gcp-metadata': 'C:\\RACshuffer2026google\\RACfleet2026google\\node_modules\\.gcp-metadata-I5CilE3m',
106 silly reify   'C:\\RACshuffer2026google\\RACfleet2026google\\node_modules\\get-tsconfig': 'C:\\RACshuffer2026google\\RACfleet2026google\\node_modules\\.get-tsconfig-DbAcjBH2',
106 silly reify   'C:\\RACshuffer2026google\\RACfleet2026google\\node_modules\\github-from-package': 'C:\\RACshuffer2026google\\RACfleet2026google\\node_modules\\.github-from-package-H1fEI20Y',
106 silly reify   'C:\\RACshuffer2026google\\RACfleet2026google\\node_modules\\google-auth-library': 'C:\\RACshuffer2026google\\RACfleet2026google\\node_modules\\.google-auth-library-Rs3Y6zOw',
106 silly reify   'C:\\RACshuffer2026google\\RACfleet2026google\\node_modules\\google-logging-utils': 'C:\\RACshuffer2026google\\RACfleet2026google\\node_modules\\.google-logging-utils-SF9vhuBf',
106 silly reify   'C:\\RACshuffer2026google\\RACfleet2026google\\node_modules\\hasown': 'C:\\RACshuffer2026google\\RACfleet2026google\\node_modules\\.hasown-q0NvhfTo',
106 silly reify   'C:\\RACshuffer2026google\\RACfleet2026google\\node_modules\\json-bigint': 'C:\\RACshuffer2026google\\RACfleet2026google\\node_modules\\.json-bigint-hfJyq6W9',
106 silly reify   'C:\\RACshuffer2026google\\RACfleet2026google\\node_modules\\lightningcss': 'C:\\RACshuffer2026google\\RACfleet2026google\\node_modules\\.lightningcss-e6Hltu6F',
106 silly reify   'C:\\RACshuffer2026google\\RACfleet2026google\\node_modules\\lightningcss-win32-x64-msvc': 'C:\\RACshuffer2026google\\RACfleet2026google\\node_modules\\.lightningcss-win32-x64-msvc-OpGejkYz',
106 silly reify   'C:\\RACshuffer2026google\\RACfleet2026google\\node_modules\\lucide-react': 'C:\\RACshuffer2026google\\RACfleet2026google\\node_modules\\.lucide-react-Srnl1HoP',
106 silly reify   'C:\\RACshuffer2026google\\RACfleet2026google\\node_modules\\mimic-response': 'C:\\RACshuffer2026google\\RACfleet2026google\\node_modules\\.mimic-response-Ptud2eK8',
106 silly reify   'C:\\RACshuffer2026google\\RACfleet2026google\\node_modules\\mkdirp-classic': 'C:\\RACshuffer2026google\\RACfleet2026google\\node_modules\\.mkdirp-classic-WRgEt88L',
106 silly reify   'C:\\RACshuffer2026google\\RACfleet2026google\\node_modules\\motion': 'C:\\RACshuffer2026google\\RACfleet2026google\\node_modules\\.motion-NuHCz2pU',
106 silly reify   'C:\\RACshuffer2026google\\RACfleet2026google\\node_modules\\motion-dom': 'C:\\RACshuffer2026google\\RACfleet2026google\\node_modules\\.motion-dom-LKDHYRPu',
106 silly reify   'C:\\RACshuffer2026google\\RACfleet2026google\\node_modules\\motion-utils': 'C:\\RACshuffer2026google\\RACfleet2026google\\node_modules\\.motion-utils-PKdFIcT2',
106 silly reify   'C:\\RACshuffer2026google\\RACfleet2026google\\node_modules\\napi-build-utils': 'C:\\RACshuffer2026google\\RACfleet2026google\\node_modules\\.napi-build-utils-EhZtLKBr',
106 silly reify   'C:\\RACshuffer2026google\\RACfleet2026google\\node_modules\\node-abi': 'C:\\RACshuffer2026google\\RACfleet2026google\\node_modules\\.node-abi-Gi9XDD83',
106 silly reify   'C:\\RACshuffer2026google\\RACfleet2026google\\node_modules\\node-releases': 'C:\\RACshuffer2026google\\RACfleet2026google\\node_modules\\.node-releases-6HhLJQAp',
106 silly reify   'C:\\RACshuffer2026google\\RACfleet2026google\\node_modules\\p-retry': 'C:\\RACshuffer2026google\\RACfleet2026google\\node_modules\\.p-retry-HoUDaXiV',
106 silly reify   'C:\\RACshuffer2026google\\RACfleet2026google\\node_modules\\path-to-regexp': 'C:\\RACshuffer2026google\\RACfleet2026google\\node_modules\\.path-to-regexp-OA7uBcpW',
106 silly reify   'C:\\RACshuffer2026google\\RACfleet2026google\\node_modules\\picomatch': 'C:\\RACshuffer2026google\\RACfleet2026google\\node_modules\\.picomatch-ZjwSCkEM',
106 silly reify   'C:\\RACshuffer2026google\\RACfleet2026google\\node_modules\\postcss': 'C:\\RACshuffer2026google\\RACfleet2026google\\node_modules\\.postcss-QXb8W6GW',
106 silly reify   'C:\\RACshuffer2026google\\RACfleet2026google\\node_modules\\prebuild-install': 'C:\\RACshuffer2026google\\RACfleet2026google\\node_modules\\.prebuild-install-JtEyg6U9',
106 silly reify   'C:\\RACshuffer2026google\\RACfleet2026google\\node_modules\\protobufjs': 'C:\\RACshuffer2026google\\RACfleet2026google\\node_modules\\.protobufjs-y6FpZi6m',
106 silly reify   'C:\\RACshuffer2026google\\RACfleet2026google\\node_modules\\pump': 'C:\\RACshuffer2026google\\RACfleet2026google\\node_modules\\.pump-7QQNEly9',
106 silly reify   'C:\\RACshuffer2026google\\RACfleet2026google\\node_modules\\qs': 'C:\\RACshuffer2026google\\RACfleet2026google\\node_modules\\.qs-u4MkRiph',
106 silly reify   'C:\\RACshuffer2026google\\RACfleet2026google\\node_modules\\react': 'C:\\RACshuffer2026google\\RACfleet2026google\\node_modules\\.react-REAM6PSO',
106 silly reify   'C:\\RACshuffer2026google\\RACfleet2026google\\node_modules\\react-dom': 'C:\\RACshuffer2026google\\RACfleet2026google\\node_modules\\.react-dom-rSI6VK8L',
106 silly reify   'C:\\RACshuffer2026google\\RACfleet2026google\\node_modules\\react-router': 'C:\\RACshuffer2026google\\RACfleet2026google\\node_modules\\.react-router-LyqfmfQZ',
106 silly reify   'C:\\RACshuffer2026google\\RACfleet2026google\\node_modules\\react-router-dom': 'C:\\RACshuffer2026google\\RACfleet2026google\\node_modules\\.react-router-dom-wvaSyIC9',
106 silly reify   'C:\\RACshuffer2026google\\RACfleet2026google\\node_modules\\rollup': 'C:\\RACshuffer2026google\\RACfleet2026google\\node_modules\\.rollup-yPcyDWfR',
106 silly reify   'C:\\RACshuffer2026google\\RACfleet2026google\\node_modules\\set-cookie-parser': 'C:\\RACshuffer2026google\\RACfleet2026google\\node_modules\\.set-cookie-parser-s5Tmk0xa',
106 silly reify   'C:\\RACshuffer2026google\\RACfleet2026google\\node_modules\\side-channel-list': 'C:\\RACshuffer2026google\\RACfleet2026google\\node_modules\\.side-channel-list-RN7gQeA6',
106 silly reify   'C:\\RACshuffer2026google\\RACfleet2026google\\node_modules\\simple-concat': 'C:\\RACshuffer2026google\\RACfleet2026google\\node_modules\\.simple-concat-AXwlNj57',
106 silly reify   'C:\\RACshuffer2026google\\RACfleet2026google\\node_modules\\simple-get': 'C:\\RACshuffer2026google\\RACfleet2026google\\node_modules\\.simple-get-sndPog7T',
106 silly reify   'C:\\RACshuffer2026google\\RACfleet2026google\\node_modules\\socket.io': 'C:\\RACshuffer2026google\\RACfleet2026google\\node_modules\\.socket.io-WBRTPtZi',
106 silly reify   'C:\\RACshuffer2026google\\RACfleet2026google\\node_modules\\socket.io-adapter': 'C:\\RACshuffer2026google\\RACfleet2026google\\node_modules\\.socket.io-adapter-AxGhcU2r',
106 silly reify   'C:\\RACshuffer2026google\\RACfleet2026google\\node_modules\\socket.io-parser': 'C:\\RACshuffer2026google\\RACfleet2026google\\node_modules\\.socket.io-parser-rusgC2Lg',
106 silly reify   'C:\\RACshuffer2026google\\RACfleet2026google\\node_modules\\tailwindcss': 'C:\\RACshuffer2026google\\RACfleet2026google\\node_modules\\.tailwindcss-T3qJLf3B',
106 silly reify   'C:\\RACshuffer2026google\\RACfleet2026google\\node_modules\\tapable': 'C:\\RACshuffer2026google\\RACfleet2026google\\node_modules\\.tapable-wcHyYdQU',
106 silly reify   'C:\\RACshuffer2026google\\RACfleet2026google\\node_modules\\tar-fs': 'C:\\RACshuffer2026google\\RACfleet2026google\\node_modules\\.tar-fs-pT1GtK0A',
106 silly reify   'C:\\RACshuffer2026google\\RACfleet2026google\\node_modules\\tar-stream': 'C:\\RACshuffer2026google\\RACfleet2026google\\node_modules\\.tar-stream-hCGC6mHR',
106 silly reify   'C:\\RACshuffer2026google\\RACfleet2026google\\node_modules\\tinyglobby': 'C:\\RACshuffer2026google\\RACfleet2026google\\node_modules\\.tinyglobby-TK2IQB50',
106 silly reify   'C:\\RACshuffer2026google\\RACfleet2026google\\node_modules\\typescript': 'C:\\RACshuffer2026google\\RACfleet2026google\\node_modules\\.typescript-SdwQWFja',
106 silly reify   'C:\\RACshuffer2026google\\RACfleet2026google\\node_modules\\vite': 'C:\\RACshuffer2026google\\RACfleet2026google\\node_modules\\.vite-DXlTJdFM',
106 silly reify   'C:\\RACshuffer2026google\\RACfleet2026google\\node_modules\\ws': 'C:\\RACshuffer2026google\\RACfleet2026google\\node_modules\\.ws-f4jr2W5e',
106 silly reify   'C:\\RACshuffer2026google\\RACfleet2026google\\node_modules\\@babel\\helpers': 'C:\\RACshuffer2026google\\RACfleet2026google\\node_modules\\@babel\\.helpers-etWgZyJY',
106 silly reify   'C:\\RACshuffer2026google\\RACfleet2026google\\node_modules\\@babel\\parser': 'C:\\RACshuffer2026google\\RACfleet2026google\\node_modules\\@babel\\.parser-YV7QFW1S',
106 silly reify   'C:\\RACshuffer2026google\\RACfleet2026google\\node_modules\\@esbuild\\win32-x64': 'C:\\RACshuffer2026google\\RACfleet2026google\\node_modules\\@esbuild\\.win32-x64-vTPv0FfW',
106 silly reify   'C:\\RACshuffer2026google\\RACfleet2026google\\node_modules\\@google\\genai': 'C:\\RACshuffer2026google\\RACfleet2026google\\node_modules\\@google\\.genai-6eK1vIdY',
106 silly reify   'C:\\RACshuffer2026google\\RACfleet2026google\\node_modules\\@rolldown\\pluginutils': 'C:\\RACshuffer2026google\\RACfleet2026google\\node_modules\\@rolldown\\.pluginutils-idKSH4uY',
106 silly reify   'C:\\RACshuffer2026google\\RACfleet2026google\\node_modules\\@rollup\\rollup-win32-x64-gnu': 'C:\\RACshuffer2026google\\RACfleet2026google\\node_modules\\@rollup\\.rollup-win32-x64-gnu-6GVQVaEc',
106 silly reify   'C:\\RACshuffer2026google\\RACfleet2026google\\node_modules\\@rollup\\rollup-win32-x64-msvc': 'C:\\RACshuffer2026google\\RACfleet2026google\\node_modules\\@rollup\\.rollup-win32-x64-msvc-9SdhbkoD',
106 silly reify   'C:\\RACshuffer2026google\\RACfleet2026google\\node_modules\\@tailwindcss\\node': 'C:\\RACshuffer2026google\\RACfleet2026google\\node_modules\\@tailwindcss\\.node-aT0LgB7j',
106 silly reify   'C:\\RACshuffer2026google\\RACfleet2026google\\node_modules\\@tailwindcss\\oxide': 'C:\\RACshuffer2026google\\RACfleet2026google\\node_modules\\@tailwindcss\\.oxide-AmTSQ8bO',
106 silly reify   'C:\\RACshuffer2026google\\RACfleet2026google\\node_modules\\@tailwindcss\\oxide-win32-x64-msvc': 'C:\\RACshuffer2026google\\RACfleet2026google\\node_modules\\@tailwindcss\\.oxide-win32-x64-msvc-7yveHlnJ',
106 silly reify   'C:\\RACshuffer2026google\\RACfleet2026google\\node_modules\\@tailwindcss\\vite': 'C:\\RACshuffer2026google\\RACfleet2026google\\node_modules\\@tailwindcss\\.vite-01s0nOeL',
106 silly reify   'C:\\RACshuffer2026google\\RACfleet2026google\\node_modules\\@types\\express': 'C:\\RACshuffer2026google\\RACfleet2026google\\node_modules\\@types\\.express-iY6Gh4Mf',
106 silly reify   'C:\\RACshuffer2026google\\RACfleet2026google\\node_modules\\@types\\mime': 'C:\\RACshuffer2026google\\RACfleet2026google\\node_modules\\@types\\.mime-4x7LreNh',
106 silly reify   'C:\\RACshuffer2026google\\RACfleet2026google\\node_modules\\@types\\node': 'C:\\RACshuffer2026google\\RACfleet2026google\\node_modules\\@types\\.node-wEgo25Rh',
106 silly reify   'C:\\RACshuffer2026google\\RACfleet2026google\\node_modules\\@types\\qs': 'C:\\RACshuffer2026google\\RACfleet2026google\\node_modules\\@types\\.qs-sQfcCdg1',
106 silly reify   'C:\\RACshuffer2026google\\RACfleet2026google\\node_modules\\@types\\retry': 'C:\\RACshuffer2026google\\RACfleet2026google\\node_modules\\@types\\.retry-DX2E5Hr5',
106 silly reify   'C:\\RACshuffer2026google\\RACfleet2026google\\node_modules\\@types\\serve-static': 'C:\\RACshuffer2026google\\RACfleet2026google\\node_modules\\@types\\.serve-static-dsJtbyFL',
106 silly reify   'C:\\RACshuffer2026google\\RACfleet2026google\\node_modules\\@vitejs\\plugin-react': 'C:\\RACshuffer2026google\\RACfleet2026google\\node_modules\\@vitejs\\.plugin-react-k8ArK0w6',
106 silly reify   'C:\\RACshuffer2026google\\RACfleet2026google\\node_modules\\jiti': 'C:\\RACshuffer2026google\\RACfleet2026google\\node_modules\\.jiti-AvwE9WCP',
106 silly reify   'C:\\RACshuffer2026google\\RACfleet2026google\\node_modules\\.bin\\jiti': 'C:\\RACshuffer2026google\\RACfleet2026google\\node_modules\\.bin\\.jiti-V5s3UWjW',
106 silly reify   'C:\\RACshuffer2026google\\RACfleet2026google\\node_modules\\.bin\\jiti.cmd': 'C:\\RACshuffer2026google\\RACfleet2026google\\node_modules\\.bin\\.jiti.cmd-s4VRLfjF',
106 silly reify   'C:\\RACshuffer2026google\\RACfleet2026google\\node_modules\\.bin\\jiti.ps1': 'C:\\RACshuffer2026google\\RACfleet2026google\\node_modules\\.bin\\.jiti.ps1-VJREoAg2',
106 silly reify   'C:\\RACshuffer2026google\\RACfleet2026google\\node_modules\\jsesc': 'C:\\RACshuffer2026google\\RACfleet2026google\\node_modules\\.jsesc-m3gPsR6x',
106 silly reify   'C:\\RACshuffer2026google\\RACfleet2026google\\node_modules\\.bin\\jsesc': 'C:\\RACshuffer2026google\\RACfleet2026google\\node_modules\\.bin\\.jsesc-7Ap5iJ3Z',
106 silly reify   'C:\\RACshuffer2026google\\RACfleet2026google\\node_modules\\.bin\\jsesc.cmd': 'C:\\RACshuffer2026google\\RACfleet2026google\\node_modules\\.bin\\.jsesc.cmd-oqC5AA6g',
106 silly reify   'C:\\RACshuffer2026google\\RACfleet2026google\\node_modules\\.bin\\jsesc.ps1': 'C:\\RACshuffer2026google\\RACfleet2026google\\node_modules\\.bin\\.jsesc.ps1-A8SWBUHr',
106 silly reify   'C:\\RACshuffer2026google\\RACfleet2026google\\node_modules\\json5': 'C:\\RACshuffer2026google\\RACfleet2026google\\node_modules\\.json5-re8lhYDi',
106 silly reify   'C:\\RACshuffer2026google\\RACfleet2026google\\node_modules\\.bin\\json5': 'C:\\RACshuffer2026google\\RACfleet2026google\\node_modules\\.bin\\.json5-6rgTSiyz',
106 silly reify   'C:\\RACshuffer2026google\\RACfleet2026google\\node_modules\\.bin\\json5.cmd': 'C:\\RACshuffer2026google\\RACfleet2026google\\node_modules\\.bin\\.json5.cmd-HiQzB3HE',
106 silly reify   'C:\\RACshuffer2026google\\RACfleet2026google\\node_modules\\.bin\\json5.ps1': 'C:\\RACshuffer2026google\\RACfleet2026google\\node_modules\\.bin\\.json5.ps1-NXvGtraN',
106 silly reify   'C:\\RACshuffer2026google\\RACfleet2026google\\node_modules\\mime': 'C:\\RACshuffer2026google\\RACfleet2026google\\node_modules\\.mime-hrYbeche',
106 silly reify   'C:\\RACshuffer2026google\\RACfleet2026google\\node_modules\\.bin\\mime': 'C:\\RACshuffer2026google\\RACfleet2026google\\node_modules\\.bin\\.mime-tPgVZD9j',
106 silly reify   'C:\\RACshuffer2026google\\RACfleet2026google\\node_modules\\.bin\\mime.cmd': 'C:\\RACshuffer2026google\\RACfleet2026google\\node_modules\\.bin\\.mime.cmd-b3FwTrag',
106 silly reify   'C:\\RACshuffer2026google\\RACfleet2026google\\node_modules\\.bin\\mime.ps1': 'C:\\RACshuffer2026google\\RACfleet2026google\\node_modules\\.bin\\.mime.ps1-P9Dg4rkx',
106 silly reify   'C:\\RACshuffer2026google\\RACfleet2026google\\node_modules\\nanoid': 'C:\\RACshuffer2026google\\RACfleet2026google\\node_modules\\.nanoid-t4tjNled',
106 silly reify   'C:\\RACshuffer2026google\\RACfleet2026google\\node_modules\\.bin\\nanoid': 'C:\\RACshuffer2026google\\RACfleet2026google\\node_modules\\.bin\\.nanoid-2HPND9Jf',
106 silly reify   'C:\\RACshuffer2026google\\RACfleet2026google\\node_modules\\.bin\\nanoid.cmd': 'C:\\RACshuffer2026google\\RACfleet2026google\\node_modules\\.bin\\.nanoid.cmd-vFpuV9kW',
106 silly reify   'C:\\RACshuffer2026google\\RACfleet2026google\\node_modules\\.bin\\nanoid.ps1': 'C:\\RACshuffer2026google\\RACfleet2026google\\node_modules\\.bin\\.nanoid.ps1-9AbaXA0c',
106 silly reify   'C:\\RACshuffer2026google\\RACfleet2026google\\node_modules\\rc': 'C:\\RACshuffer2026google\\RACfleet2026google\\node_modules\\.rc-Mfcu23im',
106 silly reify   'C:\\RACshuffer2026google\\RACfleet2026google\\node_modules\\.bin\\rc': 'C:\\RACshuffer2026google\\RACfleet2026google\\node_modules\\.bin\\.rc-HzQdWt96',
106 silly reify   'C:\\RACshuffer2026google\\RACfleet2026google\\node_modules\\.bin\\rc.cmd': 'C:\\RACshuffer2026google\\RACfleet2026google\\node_modules\\.bin\\.rc.cmd-H4ICKSCc',
106 silly reify   'C:\\RACshuffer2026google\\RACfleet2026google\\node_modules\\.bin\\rc.ps1': 'C:\\RACshuffer2026google\\RACfleet2026google\\node_modules\\.bin\\.rc.ps1-r8NoDgp1',
106 silly reify   'C:\\RACshuffer2026google\\RACfleet2026google\\node_modules\\semver': 'C:\\RACshuffer2026google\\RACfleet2026google\\node_modules\\.semver-45Sd8bfU',
106 silly reify   'C:\\RACshuffer2026google\\RACfleet2026google\\node_modules\\.bin\\semver': 'C:\\RACshuffer2026google\\RACfleet2026google\\node_modules\\.bin\\.semver-t2oEgPRb',
106 silly reify   'C:\\RACshuffer2026google\\RACfleet2026google\\node_modules\\.bin\\semver.cmd': 'C:\\RACshuffer2026google\\RACfleet2026google\\node_modules\\.bin\\.semver.cmd-WqTlrp9o',
106 silly reify   'C:\\RACshuffer2026google\\RACfleet2026google\\node_modules\\.bin\\semver.ps1': 'C:\\RACshuffer2026google\\RACfleet2026google\\node_modules\\.bin\\.semver.ps1-NRkcDJNm',
106 silly reify   'C:\\RACshuffer2026google\\RACfleet2026google\\node_modules\\tsx': 'C:\\RACshuffer2026google\\RACfleet2026google\\node_modules\\.tsx-OyvZPw9V',
106 silly reify   'C:\\RACshuffer2026google\\RACfleet2026google\\node_modules\\.bin\\tsx': 'C:\\RACshuffer2026google\\RACfleet2026google\\node_modules\\.bin\\.tsx-HnVJQRsc',
106 silly reify   'C:\\RACshuffer2026google\\RACfleet2026google\\node_modules\\.bin\\tsx.cmd': 'C:\\RACshuffer2026google\\RACfleet2026google\\node_modules\\.bin\\.tsx.cmd-NUJzPXZB',
106 silly reify   'C:\\RACshuffer2026google\\RACfleet2026google\\node_modules\\.bin\\tsx.ps1': 'C:\\RACshuffer2026google\\RACfleet2026google\\node_modules\\.bin\\.tsx.ps1-D63Vu1lr',
106 silly reify   'C:\\RACshuffer2026google\\RACfleet2026google\\node_modules\\update-browserslist-db': 'C:\\RACshuffer2026google\\RACfleet2026google\\node_modules\\.update-browserslist-db-eukzKLac',
106 silly reify   'C:\\RACshuffer2026google\\RACfleet2026google\\node_modules\\.bin\\update-browserslist-db': 'C:\\RACshuffer2026google\\RACfleet2026google\\node_modules\\.bin\\.update-browserslist-db-LXvgk4lm',
106 silly reify   'C:\\RACshuffer2026google\\RACfleet2026google\\node_modules\\.bin\\update-browserslist-db.cmd': 'C:\\RACshuffer2026google\\RACfleet2026google\\node_modules\\.bin\\.update-browserslist-db.cmd-4UqEnnF6',
106 silly reify   'C:\\RACshuffer2026google\\RACfleet2026google\\node_modules\\.bin\\update-browserslist-db.ps1': 'C:\\RACshuffer2026google\\RACfleet2026google\\node_modules\\.bin\\.update-browserslist-db.ps1-6jrwRjM6'
106 silly reify }
107 silly audit bulk request {
107 silly audit   '@babel/code-frame': [ '7.29.0' ],
107 silly audit   '@babel/compat-data': [ '7.29.0' ],
107 silly audit   '@babel/core': [ '7.29.0' ],
107 silly audit   '@babel/generator': [ '7.29.1' ],
107 silly audit   '@babel/helper-compilation-targets': [ '7.28.6' ],
107 silly audit   '@babel/helper-globals': [ '7.28.0' ],
107 silly audit   '@babel/helper-module-imports': [ '7.28.6' ],
107 silly audit   '@babel/helper-module-transforms': [ '7.28.6' ],
107 silly audit   '@babel/helper-plugin-utils': [ '7.28.6' ],
107 silly audit   '@babel/helper-string-parser': [ '7.27.1' ],
107 silly audit   '@babel/helper-validator-identifier': [ '7.28.5' ],
107 silly audit   '@babel/helper-validator-option': [ '7.27.1' ],
107 silly audit   '@babel/helpers': [ '7.29.2' ],
107 silly audit   '@babel/parser': [ '7.29.2' ],
107 silly audit   '@babel/plugin-transform-react-jsx-self': [ '7.27.1' ],
107 silly audit   '@babel/plugin-transform-react-jsx-source': [ '7.27.1' ],
107 silly audit   '@babel/template': [ '7.28.6' ],
107 silly audit   '@babel/traverse': [ '7.29.0' ],
107 silly audit   '@babel/types': [ '7.29.0' ],
107 silly audit   '@esbuild/aix-ppc64': [ '0.27.7', '0.25.12' ],
107 silly audit   '@esbuild/android-arm': [ '0.27.7', '0.25.12' ],
107 silly audit   '@esbuild/android-arm64': [ '0.27.7', '0.25.12' ],
107 silly audit   '@esbuild/android-x64': [ '0.27.7', '0.25.12' ],
107 silly audit   '@esbuild/darwin-arm64': [ '0.27.7', '0.25.12' ],
107 silly audit   '@esbuild/darwin-x64': [ '0.27.7', '0.25.12' ],
107 silly audit   '@esbuild/freebsd-arm64': [ '0.27.7', '0.25.12' ],
107 silly audit   '@esbuild/freebsd-x64': [ '0.27.7', '0.25.12' ],
107 silly audit   '@esbuild/linux-arm': [ '0.27.7', '0.25.12' ],
107 silly audit   '@esbuild/linux-arm64': [ '0.27.7', '0.25.12' ],
107 silly audit   '@esbuild/linux-ia32': [ '0.27.7', '0.25.12' ],
107 silly audit   '@esbuild/linux-loong64': [ '0.27.7', '0.25.12' ],
107 silly audit   '@esbuild/linux-mips64el': [ '0.27.7', '0.25.12' ],
107 silly audit   '@esbuild/linux-ppc64': [ '0.27.7', '0.25.12' ],
107 silly audit   '@esbuild/linux-riscv64': [ '0.27.7', '0.25.12' ],
107 silly audit   '@esbuild/linux-s390x': [ '0.27.7', '0.25.12' ],
107 silly audit   '@esbuild/linux-x64': [ '0.27.7', '0.25.12' ],
107 silly audit   '@esbuild/netbsd-arm64': [ '0.27.7', '0.25.12' ],
107 silly audit   '@esbuild/netbsd-x64': [ '0.27.7', '0.25.12' ],
107 silly audit   '@esbuild/openbsd-arm64': [ '0.27.7', '0.25.12' ],
107 silly audit   '@esbuild/openbsd-x64': [ '0.27.7', '0.25.12' ],
107 silly audit   '@esbuild/openharmony-arm64': [ '0.27.7', '0.25.12' ],
107 silly audit   '@esbuild/sunos-x64': [ '0.27.7', '0.25.12' ],
107 silly audit   '@esbuild/win32-arm64': [ '0.27.7', '0.25.12' ],
107 silly audit   '@esbuild/win32-ia32': [ '0.27.7', '0.25.12' ],
107 silly audit   '@esbuild/win32-x64': [ '0.27.7', '0.25.12' ],
107 silly audit   '@google/genai': [ '1.50.1' ],
107 silly audit   '@jridgewell/gen-mapping': [ '0.3.13' ],
107 silly audit   '@jridgewell/remapping': [ '2.3.5' ],
107 silly audit   '@jridgewell/resolve-uri': [ '3.1.2' ],
107 silly audit   '@jridgewell/sourcemap-codec': [ '1.5.5' ],
107 silly audit   '@jridgewell/trace-mapping': [ '0.3.31' ],
107 silly audit   '@protobufjs/aspromise': [ '1.1.2' ],
107 silly audit   '@protobufjs/base64': [ '1.1.2' ],
107 silly audit   '@protobufjs/codegen': [ '2.0.4' ],
107 silly audit   '@protobufjs/eventemitter': [ '1.1.0' ],
107 silly audit   '@protobufjs/fetch': [ '1.1.0' ],
107 silly audit   '@protobufjs/float': [ '1.0.2' ],
107 silly audit   '@protobufjs/inquire': [ '1.1.0' ],
107 silly audit   '@protobufjs/path': [ '1.1.2' ],
107 silly audit   '@protobufjs/pool': [ '1.1.0' ],
107 silly audit   '@protobufjs/utf8': [ '1.1.0' ],
107 silly audit   '@rolldown/pluginutils': [ '1.0.0-rc.3' ],
107 silly audit   '@rollup/rollup-android-arm-eabi': [ '4.60.2' ],
107 silly audit   '@rollup/rollup-android-arm64': [ '4.60.2' ],
107 silly audit   '@rollup/rollup-darwin-arm64': [ '4.60.2' ],
107 silly audit   '@rollup/rollup-darwin-x64': [ '4.60.2' ],
107 silly audit   '@rollup/rollup-freebsd-arm64': [ '4.60.2' ],
107 silly audit   '@rollup/rollup-freebsd-x64': [ '4.60.2' ],
107 silly audit   '@rollup/rollup-linux-arm-gnueabihf': [ '4.60.2' ],
107 silly audit   '@rollup/rollup-linux-arm-musleabihf': [ '4.60.2' ],
107 silly audit   '@rollup/rollup-linux-arm64-gnu': [ '4.60.2' ],
107 silly audit   '@rollup/rollup-linux-arm64-musl': [ '4.60.2' ],
107 silly audit   '@rollup/rollup-linux-loong64-gnu': [ '4.60.2' ],
107 silly audit   '@rollup/rollup-linux-loong64-musl': [ '4.60.2' ],
107 silly audit   '@rollup/rollup-linux-ppc64-gnu': [ '4.60.2' ],
107 silly audit   '@rollup/rollup-linux-ppc64-musl': [ '4.60.2' ],
107 silly audit   '@rollup/rollup-linux-riscv64-gnu': [ '4.60.2' ],
107 silly audit   '@rollup/rollup-linux-riscv64-musl': [ '4.60.2' ],
107 silly audit   '@rollup/rollup-linux-s390x-gnu': [ '4.60.2' ],
107 silly audit   '@rollup/rollup-linux-x64-gnu': [ '4.60.2' ],
107 silly audit   '@rollup/rollup-linux-x64-musl': [ '4.60.2' ],
107 silly audit   '@rollup/rollup-openbsd-x64': [ '4.60.2' ],
107 silly audit   '@rollup/rollup-openharmony-arm64': [ '4.60.2' ],
107 silly audit   '@rollup/rollup-win32-arm64-msvc': [ '4.60.2' ],
107 silly audit   '@rollup/rollup-win32-ia32-msvc': [ '4.60.2' ],
107 silly audit   '@rollup/rollup-win32-x64-gnu': [ '4.60.2' ],
107 silly audit   '@rollup/rollup-win32-x64-msvc': [ '4.60.2' ],
107 silly audit   '@socket.io/component-emitter': [ '3.1.2' ],
107 silly audit   '@tailwindcss/node': [ '4.2.4' ],
107 silly audit   '@tailwindcss/oxide': [ '4.2.4' ],
107 silly audit   '@tailwindcss/oxide-android-arm64': [ '4.2.4' ],
107 silly audit   '@tailwindcss/oxide-darwin-arm64': [ '4.2.4' ],
107 silly audit   '@tailwindcss/oxide-darwin-x64': [ '4.2.4' ],
107 silly audit   '@tailwindcss/oxide-freebsd-x64': [ '4.2.4' ],
107 silly audit   '@tailwindcss/oxide-linux-arm-gnueabihf': [ '4.2.4' ],
107 silly audit   '@tailwindcss/oxide-linux-arm64-gnu': [ '4.2.4' ],
107 silly audit   '@tailwindcss/oxide-linux-arm64-musl': [ '4.2.4' ],
107 silly audit   '@tailwindcss/oxide-linux-x64-gnu': [ '4.2.4' ],
107 silly audit   '@tailwindcss/oxide-linux-x64-musl': [ '4.2.4' ],
107 silly audit   '@tailwindcss/oxide-wasm32-wasi': [ '4.2.4' ],
107 silly audit   '@tailwindcss/oxide-win32-arm64-msvc': [ '4.2.4' ],
107 silly audit   '@tailwindcss/oxide-win32-x64-msvc': [ '4.2.4' ],
107 silly audit   '@tailwindcss/vite': [ '4.2.4' ],
107 silly audit   '@types/babel__core': [ '7.20.5' ],
107 silly audit   '@types/babel__generator': [ '7.27.0' ],
107 silly audit   '@types/babel__template': [ '7.4.4' ],
107 silly audit   '@types/babel__traverse': [ '7.28.0' ],
107 silly audit   '@types/body-parser': [ '1.19.6' ],
107 silly audit   '@types/connect': [ '3.4.38' ],
107 silly audit   '@types/cors': [ '2.8.19' ],
107 silly audit   '@types/estree': [ '1.0.8' ],
107 silly audit   '@types/express': [ '4.17.25' ],
107 silly audit   '@types/express-serve-static-core': [ '4.19.8' ],
107 silly audit   '@types/http-errors': [ '2.0.5' ],
107 silly audit   '@types/mime': [ '1.3.5' ],
107 silly audit   '@types/node': [ '22.19.17' ],
107 silly audit   '@types/qs': [ '6.15.0' ],
107 silly audit   '@types/range-parser': [ '1.2.7' ],
107 silly audit   '@types/retry': [ '0.12.0' ],
107 silly audit   '@types/send': [ '1.2.1', '0.17.6' ],
107 silly audit   '@types/serve-static': [ '1.15.10' ],
107 silly audit   '@types/ws': [ '8.18.1' ],
107 silly audit   '@vitejs/plugin-react': [ '5.2.0' ],
107 silly audit   accepts: [ '1.3.8' ],
107 silly audit   'agent-base': [ '7.1.4' ],
107 silly audit   'array-flatten': [ '1.1.1' ],
107 silly audit   autoprefixer: [ '10.5.0' ],
107 silly audit   'base64-js': [ '1.5.1' ],
107 silly audit   base64id: [ '2.0.0' ],
107 silly audit   'baseline-browser-mapping': [ '2.10.21' ],
107 silly audit   'better-sqlite3': [ '12.9.0' ],
107 silly audit   'bignumber.js': [ '9.3.1' ],
107 silly audit   bindings: [ '1.5.0' ],
107 silly audit   bl: [ '4.1.0' ],
107 silly audit   'body-parser': [ '1.20.5' ],
107 silly audit   debug: [ '2.6.9', '4.4.3' ],
107 silly audit   ms: [ '2.0.0', '2.1.3' ],
107 silly audit   qs: [ '6.15.1', '6.14.2' ],
107 silly audit   browserslist: [ '4.28.2' ],
107 silly audit   buffer: [ '5.7.1' ],
107 silly audit   'buffer-equal-constant-time': [ '1.0.1' ],
107 silly audit   bytes: [ '3.1.2' ],
107 silly audit   'call-bind-apply-helpers': [ '1.0.2' ],
107 silly audit   'call-bound': [ '1.0.4' ],
107 silly audit   'caniuse-lite': [ '1.0.30001790' ],
107 silly audit   chownr: [ '1.1.4' ],
107 silly audit   clsx: [ '2.1.1' ],
107 silly audit   'content-disposition': [ '0.5.4' ],
107 silly audit   'content-type': [ '1.0.5' ],
107 silly audit   'convert-source-map': [ '2.0.0' ],
107 silly audit   cookie: [ '0.7.2', '1.1.1' ],
107 silly audit   'cookie-signature': [ '1.0.7' ],
107 silly audit   cors: [ '2.8.6' ],
107 silly audit   'data-uri-to-buffer': [ '4.0.1' ],
107 silly audit   'date-fns': [ '4.1.0' ],
107 silly audit   'decompress-response': [ '6.0.0' ],
107 silly audit   'deep-extend': [ '0.6.0' ],
107 silly audit   depd: [ '2.0.0' ],
107 silly audit   destroy: [ '1.2.0' ],
107 silly audit   'detect-libc': [ '2.1.2' ],
107 silly audit   dotenv: [ '17.4.2' ],
107 silly audit   'dunder-proto': [ '1.0.1' ],
107 silly audit   'ecdsa-sig-formatter': [ '1.0.11' ],
107 silly audit   'ee-first': [ '1.1.1' ],
107 silly audit   'electron-to-chromium': [ '1.5.344' ],
107 silly audit   encodeurl: [ '2.0.0' ],
107 silly audit   'end-of-stream': [ '1.4.5' ],
107 silly audit   'engine.io': [ '6.6.6' ],
107 silly audit   'engine.io-client': [ '6.6.4' ],
107 silly audit   ws: [ '8.18.3', '8.20.0' ],
107 silly audit   'engine.io-parser': [ '5.2.3' ],
107 silly audit   'enhanced-resolve': [ '5.21.0' ],
107 silly audit   'es-define-property': [ '1.0.1' ],
107 silly audit   'es-errors': [ '1.3.0' ],
107 silly audit   'es-object-atoms': [ '1.1.1' ],
107 silly audit   esbuild: [ '0.27.7', '0.25.12' ],
107 silly audit   escalade: [ '3.2.0' ],
107 silly audit   'escape-html': [ '1.0.3' ],
107 silly audit   etag: [ '1.8.1' ],
107 silly audit   'expand-template': [ '2.0.3' ],
107 silly audit   express: [ '4.22.1' ],
107 silly audit   extend: [ '3.0.2' ],
107 silly audit   fdir: [ '6.5.0' ],
107 silly audit   'fetch-blob': [ '3.2.0' ],
107 silly audit   'file-uri-to-path': [ '1.0.0' ],
107 silly audit   finalhandler: [ '1.3.2' ],
107 silly audit   'formdata-polyfill': [ '4.0.10' ],
107 silly audit   forwarded: [ '0.2.0' ],
107 silly audit   'fraction.js': [ '5.3.4' ],
107 silly audit   'framer-motion': [ '12.38.0' ],
107 silly audit   fresh: [ '0.5.2' ],
107 silly audit   'fs-constants': [ '1.0.0' ],
107 silly audit   fsevents: [ '2.3.3' ],
107 silly audit   'function-bind': [ '1.1.2' ],
107 silly audit   gaxios: [ '7.1.4' ],
107 silly audit   'gcp-metadata': [ '8.1.2' ],
107 silly audit   gensync: [ '1.0.0-beta.2' ],
107 silly audit   'get-intrinsic': [ '1.3.0' ],
107 silly audit   'get-proto': [ '1.0.1' ],
107 silly audit   'get-tsconfig': [ '4.14.0' ],
107 silly audit   'github-from-package': [ '0.0.0' ],
107 silly audit   'google-auth-library': [ '10.6.2' ],
107 silly audit   'google-logging-utils': [ '1.1.3' ],
107 silly audit   gopd: [ '1.2.0' ],
107 silly audit   'graceful-fs': [ '4.2.11' ],
107 silly audit   'has-symbols': [ '1.1.0' ],
107 silly audit   hasown: [ '2.0.3' ],
107 silly audit   'http-errors': [ '2.0.1' ],
107 silly audit   'https-proxy-agent': [ '7.0.6' ],
107 silly audit   'iconv-lite': [ '0.4.24' ],
107 silly audit   ieee754: [ '1.2.1' ],
107 silly audit   inherits: [ '2.0.4' ],
107 silly audit   ini: [ '1.3.8' ],
107 silly audit   'ipaddr.js': [ '1.9.1' ],
107 silly audit   jiti: [ '2.6.1' ],
107 silly audit   'js-tokens': [ '4.0.0' ],
107 silly audit   jsesc: [ '3.1.0' ],
107 silly audit   'json-bigint': [ '1.0.0' ],
107 silly audit   json5: [ '2.2.3' ],
107 silly audit   jwa: [ '2.0.1' ],
107 silly audit   jws: [ '4.0.1' ],
107 silly audit   lightningcss: [ '1.32.0' ],
107 silly audit   'lightningcss-android-arm64': [ '1.32.0' ],
107 silly audit   'lightningcss-darwin-arm64': [ '1.32.0' ],
107 silly audit   'lightningcss-darwin-x64': [ '1.32.0' ],
107 silly audit   'lightningcss-freebsd-x64': [ '1.32.0' ],
107 silly audit   'lightningcss-linux-arm-gnueabihf': [ '1.32.0' ],
107 silly audit   'lightningcss-linux-arm64-gnu': [ '1.32.0' ],
107 silly audit   'lightningcss-linux-arm64-musl': [ '1.32.0' ],
107 silly audit   'lightningcss-linux-x64-gnu': [ '1.32.0' ],
107 silly audit   'lightningcss-linux-x64-musl': [ '1.32.0' ],
107 silly audit   'lightningcss-win32-arm64-msvc': [ '1.32.0' ],
107 silly audit   'lightningcss-win32-x64-msvc': [ '1.32.0' ],
107 silly audit   long: [ '5.3.2' ],
107 silly audit   'lru-cache': [ '5.1.1' ],
107 silly audit   'lucide-react': [ '0.546.0' ],
107 silly audit   'magic-string': [ '0.30.21' ],
107 silly audit   'math-intrinsics': [ '1.1.0' ],
107 silly audit   'media-typer': [ '0.3.0' ],
107 silly audit   'merge-descriptors': [ '1.0.3' ],
107 silly audit   methods: [ '1.1.2' ],
107 silly audit   mime: [ '1.6.0' ],
107 silly audit   'mime-db': [ '1.52.0' ],
107 silly audit   'mime-types': [ '2.1.35' ],
107 silly audit   'mimic-response': [ '3.1.0' ],
107 silly audit   minimist: [ '1.2.8' ],
107 silly audit   'mkdirp-classic': [ '0.5.3' ],
107 silly audit   motion: [ '12.38.0' ],
107 silly audit   'motion-dom': [ '12.38.0' ],
107 silly audit   'motion-utils': [ '12.36.0' ],
107 silly audit   nanoid: [ '3.3.11' ],
107 silly audit   'napi-build-utils': [ '2.0.0' ],
107 silly audit   negotiator: [ '0.6.3' ],
107 silly audit   'node-abi': [ '3.89.0' ],
107 silly audit   semver: [ '7.7.4', '6.3.1' ],
107 silly audit   'node-domexception': [ '1.0.0' ],
107 silly audit   'node-fetch': [ '3.3.2' ],
107 silly audit   'node-releases': [ '2.0.38' ],
107 silly audit   'object-assign': [ '4.1.1' ],
107 silly audit   'object-inspect': [ '1.13.4' ],
107 silly audit   'on-finished': [ '2.4.1' ],
107 silly audit   once: [ '1.4.0' ],
107 silly audit   'p-retry': [ '4.6.2' ],
107 silly audit   parseurl: [ '1.3.3' ],
107 silly audit   'path-to-regexp': [ '0.1.13' ],
107 silly audit   picocolors: [ '1.1.1' ],
107 silly audit   picomatch: [ '4.0.4' ],
107 silly audit   postcss: [ '8.5.10' ],
107 silly audit   'postcss-value-parser': [ '4.2.0' ],
107 silly audit   'prebuild-install': [ '7.1.3' ],
107 silly audit   protobufjs: [ '7.5.5' ],
107 silly audit   'proxy-addr': [ '2.0.7' ],
107 silly audit   pump: [ '3.0.4' ],
107 silly audit   'range-parser': [ '1.2.1' ],
107 silly audit   'raw-body': [ '2.5.3' ],
107 silly audit   rc: [ '1.2.8' ],
107 silly audit   react: [ '19.2.5' ],
107 silly audit   'react-dom': [ '19.2.5' ],
107 silly audit   'react-refresh': [ '0.18.0' ],
107 silly audit   'react-router': [ '7.14.2' ],
107 silly audit   'react-router-dom': [ '7.14.2' ],
107 silly audit   'readable-stream': [ '3.6.2' ],
107 silly audit   'resolve-pkg-maps': [ '1.0.0' ],
107 silly audit   retry: [ '0.13.1' ],
107 silly audit   rollup: [ '4.60.2' ],
107 silly audit   'safe-buffer': [ '5.2.1' ],
107 silly audit   'safer-buffer': [ '2.1.2' ],
107 silly audit   scheduler: [ '0.27.0' ],
107 silly audit   send: [ '0.19.2' ],
107 silly audit   'serve-static': [ '1.16.3' ],
107 silly audit   'set-cookie-parser': [ '2.7.2' ],
107 silly audit   setprototypeof: [ '1.2.0' ],
107 silly audit   'side-channel': [ '1.1.0' ],
107 silly audit   'side-channel-list': [ '1.0.1' ],
107 silly audit   'side-channel-map': [ '1.0.1' ],
107 silly audit   'side-channel-weakmap': [ '1.0.2' ],
107 silly audit   'simple-concat': [ '1.0.1' ],
107 silly audit   'simple-get': [ '4.0.1' ],
107 silly audit   'socket.io': [ '4.8.3' ],
107 silly audit   'socket.io-adapter': [ '2.5.6' ],
107 silly audit   'socket.io-client': [ '4.8.3' ],
107 silly audit   'socket.io-parser': [ '4.2.6' ],
107 silly audit   'source-map-js': [ '1.2.1' ],
107 silly audit   statuses: [ '2.0.2' ],
107 silly audit   string_decoder: [ '1.3.0' ],
107 silly audit   'strip-json-comments': [ '2.0.1' ],
107 silly audit   'tailwind-merge': [ '3.5.0' ],
107 silly audit   tailwindcss: [ '4.2.4' ],
107 silly audit   tapable: [ '2.3.3' ],
107 silly audit   'tar-fs': [ '2.1.4' ],
107 silly audit   'tar-stream': [ '2.2.0' ],
107 silly audit   tinyglobby: [ '0.2.16' ],
107 silly audit   toidentifier: [ '1.0.1' ],
107 silly audit   tslib: [ '2.8.1' ],
107 silly audit   tsx: [ '4.21.0' ],
107 silly audit   'tunnel-agent': [ '0.6.0' ],
107 silly audit   'type-is': [ '1.6.18' ],
107 silly audit   typescript: [ '5.8.3' ],
107 silly audit   'undici-types': [ '6.21.0' ],
107 silly audit   unpipe: [ '1.0.0' ],
107 silly audit   'update-browserslist-db': [ '1.2.3' ],
107 silly audit   'util-deprecate': [ '1.0.2' ],
107 silly audit   'utils-merge': [ '1.0.1' ],
107 silly audit   vary: [ '1.1.2' ],
107 silly audit   vite: [ '6.4.2' ],
107 silly audit   'web-streams-polyfill': [ '3.3.3' ],
107 silly audit   wrappy: [ '1.0.2' ],
107 silly audit   'xmlhttprequest-ssl': [ '2.1.2' ],
107 silly audit   yallist: [ '3.1.1' ],
107 silly audit   zod: [ '4.3.6' ]
107 silly audit }
108 verbose audit error FetchError: request to https://registry.npmjs.org/-/npm/v1/security/advisories/bulk failed, reason: 
108 verbose audit error     at ClientRequest.<anonymous> (C:\Users\fei\AppData\Roaming\npm\node_modules\npm\node_modules\minipass-fetch\lib\index.js:130:14)
108 verbose audit error     at ClientRequest.emit (node:events:508:28)
108 verbose audit error     at emitErrorEvent (node:_http_client:108:11)
108 verbose audit error     at _destroy (node:_http_client:962:9)
108 verbose audit error     at onSocketNT (node:_http_client:982:5)
108 verbose audit error     at process.processTicksAndRejections (node:internal/process/task_queues:90:21) {
108 verbose audit error   code: 'EACCES',
108 verbose audit error   errno: 'EACCES',
108 verbose audit error   type: 'system'
108 verbose audit error }
109 silly audit error undefined
110 silly audit report null
111 http cache update-browserslist-db@https://registry.npmjs.org/update-browserslist-db/-/update-browserslist-db-1.2.3.tgz 1ms (cache hit)
112 http cache tsx@https://registry.npmjs.org/tsx/-/tsx-4.21.0.tgz 0ms (cache hit)
113 http cache semver@https://registry.npmjs.org/semver/-/semver-6.3.1.tgz 0ms (cache hit)
114 http cache rc@https://registry.npmjs.org/rc/-/rc-1.2.8.tgz 0ms (cache hit)
115 http cache nanoid@https://registry.npmjs.org/nanoid/-/nanoid-3.3.11.tgz 1ms (cache hit)
116 http cache mime@https://registry.npmjs.org/mime/-/mime-1.6.0.tgz 0ms (cache hit)
117 http cache json5@https://registry.npmjs.org/json5/-/json5-2.2.3.tgz 0ms (cache hit)
118 http cache jsesc@https://registry.npmjs.org/jsesc/-/jsesc-3.1.0.tgz 0ms (cache hit)
119 http cache @types/serve-static@https://registry.npmjs.org/@types/serve-static/-/serve-static-1.15.10.tgz 0ms (cache hit)
120 http cache @types/retry@https://registry.npmjs.org/@types/retry/-/retry-0.12.0.tgz 0ms (cache hit)
121 http cache @types/qs@https://registry.npmjs.org/@types/qs/-/qs-6.15.0.tgz 0ms (cache hit)
122 http cache @types/node@https://registry.npmjs.org/@types/node/-/node-22.19.17.tgz 0ms (cache hit)
123 http cache @types/mime@https://registry.npmjs.org/@types/mime/-/mime-1.3.5.tgz 0ms (cache hit)
124 http cache jiti@https://registry.npmjs.org/jiti/-/jiti-2.6.1.tgz 1ms (cache hit)
125 http cache @types/express@https://registry.npmjs.org/@types/express/-/express-4.17.25.tgz 0ms (cache hit)
126 http cache @tailwindcss/oxide-win32-x64-msvc@https://registry.npmjs.org/@tailwindcss/oxide-win32-x64-msvc/-/oxide-win32-x64-msvc-4.2.4.tgz 0ms (cache hit)
127 http cache @vitejs/plugin-react@https://registry.npmjs.org/@vitejs/plugin-react/-/plugin-react-5.2.0.tgz 0ms (cache hit)
128 http cache @rollup/rollup-win32-x64-msvc@https://registry.npmjs.org/@rollup/rollup-win32-x64-msvc/-/rollup-win32-x64-msvc-4.60.2.tgz 0ms (cache hit)
129 http cache @tailwindcss/oxide@https://registry.npmjs.org/@tailwindcss/oxide/-/oxide-4.2.4.tgz 0ms (cache hit)
130 http cache @tailwindcss/vite@https://registry.npmjs.org/@tailwindcss/vite/-/vite-4.2.4.tgz 0ms (cache hit)
131 http cache @rollup/rollup-win32-x64-gnu@https://registry.npmjs.org/@rollup/rollup-win32-x64-gnu/-/rollup-win32-x64-gnu-4.60.2.tgz 0ms (cache hit)
132 http cache @tailwindcss/node@https://registry.npmjs.org/@tailwindcss/node/-/node-4.2.4.tgz 0ms (cache hit)
133 http cache @babel/parser@https://registry.npmjs.org/@babel/parser/-/parser-7.29.2.tgz 0ms (cache hit)
134 http cache @babel/helpers@https://registry.npmjs.org/@babel/helpers/-/helpers-7.29.2.tgz 0ms (cache hit)
135 http cache vite@https://registry.npmjs.org/vite/-/vite-6.4.2.tgz 0ms (cache hit)
136 http cache @google/genai@https://registry.npmjs.org/@google/genai/-/genai-1.50.1.tgz 0ms (cache hit)
137 http cache ws@https://registry.npmjs.org/ws/-/ws-8.20.0.tgz 0ms (cache hit)
138 http cache @esbuild/win32-x64@https://registry.npmjs.org/@esbuild/win32-x64/-/win32-x64-0.27.7.tgz 0ms (cache hit)
139 http cache typescript@https://registry.npmjs.org/typescript/-/typescript-5.8.3.tgz 0ms (cache hit)
140 http cache tar-stream@https://registry.npmjs.org/tar-stream/-/tar-stream-2.2.0.tgz 0ms (cache hit)
141 http cache @rolldown/pluginutils@https://registry.npmjs.org/@rolldown/pluginutils/-/pluginutils-1.0.0-rc.3.tgz 0ms (cache hit)
142 http cache tapable@https://registry.npmjs.org/tapable/-/tapable-2.3.3.tgz 0ms (cache hit)
143 http cache tar-fs@https://registry.npmjs.org/tar-fs/-/tar-fs-2.1.4.tgz 0ms (cache hit)
144 http cache tinyglobby@https://registry.npmjs.org/tinyglobby/-/tinyglobby-0.2.16.tgz 0ms (cache hit)
145 http cache tailwindcss@https://registry.npmjs.org/tailwindcss/-/tailwindcss-4.2.4.tgz 0ms (cache hit)
146 http cache socket.io-parser@https://registry.npmjs.org/socket.io-parser/-/socket.io-parser-4.2.6.tgz 0ms (cache hit)
147 http cache socket.io-adapter@https://registry.npmjs.org/socket.io-adapter/-/socket.io-adapter-2.5.6.tgz 0ms (cache hit)
148 http cache socket.io@https://registry.npmjs.org/socket.io/-/socket.io-4.8.3.tgz 0ms (cache hit)
149 http cache simple-get@https://registry.npmjs.org/simple-get/-/simple-get-4.0.1.tgz 0ms (cache hit)
150 http cache simple-concat@https://registry.npmjs.org/simple-concat/-/simple-concat-1.0.1.tgz 0ms (cache hit)
151 http cache side-channel-list@https://registry.npmjs.org/side-channel-list/-/side-channel-list-1.0.1.tgz 0ms (cache hit)
152 http cache rollup@https://registry.npmjs.org/rollup/-/rollup-4.60.2.tgz 0ms (cache hit)
153 http cache react-router@https://registry.npmjs.org/react-router/-/react-router-7.14.2.tgz 0ms (cache hit)
154 http cache react-router-dom@https://registry.npmjs.org/react-router-dom/-/react-router-dom-7.14.2.tgz 0ms (cache hit)
155 http cache react-dom@https://registry.npmjs.org/react-dom/-/react-dom-19.2.5.tgz 0ms (cache hit)
156 http cache react@https://registry.npmjs.org/react/-/react-19.2.5.tgz 0ms (cache hit)
157 http cache set-cookie-parser@https://registry.npmjs.org/set-cookie-parser/-/set-cookie-parser-2.7.2.tgz 0ms (cache hit)
158 http cache pump@https://registry.npmjs.org/pump/-/pump-3.0.4.tgz 0ms (cache hit)
159 http cache qs@https://registry.npmjs.org/qs/-/qs-6.14.2.tgz 0ms (cache hit)
160 http cache protobufjs@https://registry.npmjs.org/protobufjs/-/protobufjs-7.5.5.tgz 0ms (cache hit)
161 http cache postcss@https://registry.npmjs.org/postcss/-/postcss-8.5.10.tgz 0ms (cache hit)
162 http cache path-to-regexp@https://registry.npmjs.org/path-to-regexp/-/path-to-regexp-0.1.13.tgz 0ms (cache hit)
163 http cache picomatch@https://registry.npmjs.org/picomatch/-/picomatch-4.0.4.tgz 0ms (cache hit)
164 http cache prebuild-install@https://registry.npmjs.org/prebuild-install/-/prebuild-install-7.1.3.tgz 0ms (cache hit)
165 http cache p-retry@https://registry.npmjs.org/p-retry/-/p-retry-4.6.2.tgz 0ms (cache hit)
166 http cache node-releases@https://registry.npmjs.org/node-releases/-/node-releases-2.0.38.tgz 0ms (cache hit)
167 http cache motion-utils@https://registry.npmjs.org/motion-utils/-/motion-utils-12.36.0.tgz 0ms (cache hit)
168 http cache node-abi@https://registry.npmjs.org/node-abi/-/node-abi-3.89.0.tgz 0ms (cache hit)
169 http cache napi-build-utils@https://registry.npmjs.org/napi-build-utils/-/napi-build-utils-2.0.0.tgz 0ms (cache hit)
170 http cache motion-dom@https://registry.npmjs.org/motion-dom/-/motion-dom-12.38.0.tgz 0ms (cache hit)
171 http cache motion@https://registry.npmjs.org/motion/-/motion-12.38.0.tgz 0ms (cache hit)
172 http cache mimic-response@https://registry.npmjs.org/mimic-response/-/mimic-response-3.1.0.tgz 0ms (cache hit)
173 http cache mkdirp-classic@https://registry.npmjs.org/mkdirp-classic/-/mkdirp-classic-0.5.3.tgz 0ms (cache hit)
174 http cache lucide-react@https://registry.npmjs.org/lucide-react/-/lucide-react-0.546.0.tgz 0ms (cache hit)
175 http cache lightningcss@https://registry.npmjs.org/lightningcss/-/lightningcss-1.32.0.tgz 0ms (cache hit)
176 http cache lightningcss-win32-x64-msvc@https://registry.npmjs.org/lightningcss-win32-x64-msvc/-/lightningcss-win32-x64-msvc-1.32.0.tgz 0ms (cache hit)
177 http cache hasown@https://registry.npmjs.org/hasown/-/hasown-2.0.3.tgz 0ms (cache hit)
178 http cache json-bigint@https://registry.npmjs.org/json-bigint/-/json-bigint-1.0.0.tgz 0ms (cache hit)
179 http cache google-logging-utils@https://registry.npmjs.org/google-logging-utils/-/google-logging-utils-1.1.3.tgz 0ms (cache hit)
180 http cache github-from-package@https://registry.npmjs.org/github-from-package/-/github-from-package-0.0.0.tgz 0ms (cache hit)
181 http cache google-auth-library@https://registry.npmjs.org/google-auth-library/-/google-auth-library-10.6.2.tgz 0ms (cache hit)
182 http cache get-tsconfig@https://registry.npmjs.org/get-tsconfig/-/get-tsconfig-4.14.0.tgz 0ms (cache hit)
183 http cache gcp-metadata@https://registry.npmjs.org/gcp-metadata/-/gcp-metadata-8.1.2.tgz 0ms (cache hit)
184 http cache gaxios@https://registry.npmjs.org/gaxios/-/gaxios-7.1.4.tgz 0ms (cache hit)
185 http cache fs-constants@https://registry.npmjs.org/fs-constants/-/fs-constants-1.0.0.tgz 0ms (cache hit)
186 http cache framer-motion@https://registry.npmjs.org/framer-motion/-/framer-motion-12.38.0.tgz 0ms (cache hit)
187 http cache expand-template@https://registry.npmjs.org/expand-template/-/expand-template-2.0.3.tgz 0ms (cache hit)
188 http cache esbuild@https://registry.npmjs.org/esbuild/-/esbuild-0.27.7.tgz 0ms (cache hit)
189 http cache engine.io@https://registry.npmjs.org/engine.io/-/engine.io-6.6.6.tgz 0ms (cache hit)
190 http cache enhanced-resolve@https://registry.npmjs.org/enhanced-resolve/-/enhanced-resolve-5.21.0.tgz 0ms (cache hit)
191 http cache decompress-response@https://registry.npmjs.org/decompress-response/-/decompress-response-6.0.0.tgz 1ms (cache hit)
192 http cache dotenv@https://registry.npmjs.org/dotenv/-/dotenv-17.4.2.tgz 0ms (cache hit)
193 http cache chownr@https://registry.npmjs.org/chownr/-/chownr-1.1.4.tgz 0ms (cache hit)
194 http cache electron-to-chromium@https://registry.npmjs.org/electron-to-chromium/-/electron-to-chromium-1.5.344.tgz 0ms (cache hit)
195 http cache caniuse-lite@https://registry.npmjs.org/caniuse-lite/-/caniuse-lite-1.0.30001790.tgz 0ms (cache hit)
196 http cache browserslist@https://registry.npmjs.org/browserslist/-/browserslist-4.28.2.tgz 0ms (cache hit)
197 http cache body-parser@https://registry.npmjs.org/body-parser/-/body-parser-1.20.5.tgz 0ms (cache hit)
198 http cache better-sqlite3@https://registry.npmjs.org/better-sqlite3/-/better-sqlite3-12.9.0.tgz 0ms (cache hit)
199 http cache baseline-browser-mapping@https://registry.npmjs.org/baseline-browser-mapping/-/baseline-browser-mapping-2.10.21.tgz 0ms (cache hit)
200 http cache base64id@https://registry.npmjs.org/base64id/-/base64id-2.0.0.tgz 0ms (cache hit)
201 http cache autoprefixer@https://registry.npmjs.org/autoprefixer/-/autoprefixer-10.5.0.tgz 0ms (cache hit)
202 http cache @types/send@https://registry.npmjs.org/@types/send/-/send-0.17.6.tgz 0ms (cache hit)
203 silly tarball no local data for update-browserslist-db@https://registry.npmjs.org/update-browserslist-db/-/update-browserslist-db-1.2.3.tgz. Extracting by manifest.
204 silly tarball no local data for tsx@https://registry.npmjs.org/tsx/-/tsx-4.21.0.tgz. Extracting by manifest.
205 silly tarball no local data for semver@https://registry.npmjs.org/semver/-/semver-6.3.1.tgz. Extracting by manifest.
206 silly tarball no local data for rc@https://registry.npmjs.org/rc/-/rc-1.2.8.tgz. Extracting by manifest.
207 silly tarball no local data for nanoid@https://registry.npmjs.org/nanoid/-/nanoid-3.3.11.tgz. Extracting by manifest.
208 http cache semver@https://registry.npmjs.org/semver/-/semver-7.7.4.tgz 0ms (cache hit)
209 silly tarball no local data for mime@https://registry.npmjs.org/mime/-/mime-1.6.0.tgz. Extracting by manifest.
210 silly tarball no local data for json5@https://registry.npmjs.org/json5/-/json5-2.2.3.tgz. Extracting by manifest.
211 http cache esbuild@https://registry.npmjs.org/esbuild/-/esbuild-0.25.12.tgz 0ms (cache hit)
212 silly tarball no local data for jsesc@https://registry.npmjs.org/jsesc/-/jsesc-3.1.0.tgz. Extracting by manifest.
213 silly tarball no local data for @types/serve-static@https://registry.npmjs.org/@types/serve-static/-/serve-static-1.15.10.tgz. Extracting by manifest.
214 silly tarball no local data for @types/retry@https://registry.npmjs.org/@types/retry/-/retry-0.12.0.tgz. Extracting by manifest.
215 silly tarball no local data for @types/qs@https://registry.npmjs.org/@types/qs/-/qs-6.15.0.tgz. Extracting by manifest.
216 silly tarball no local data for @types/node@https://registry.npmjs.org/@types/node/-/node-22.19.17.tgz. Extracting by manifest.
217 http cache qs@https://registry.npmjs.org/qs/-/qs-6.15.1.tgz 0ms (cache hit)
218 silly tarball no local data for @types/mime@https://registry.npmjs.org/@types/mime/-/mime-1.3.5.tgz. Extracting by manifest.
219 silly tarball no local data for jiti@https://registry.npmjs.org/jiti/-/jiti-2.6.1.tgz. Extracting by manifest.
220 silly tarball no local data for @types/express@https://registry.npmjs.org/@types/express/-/express-4.17.25.tgz. Extracting by manifest.
221 silly tarball no local data for @tailwindcss/oxide-win32-x64-msvc@https://registry.npmjs.org/@tailwindcss/oxide-win32-x64-msvc/-/oxide-win32-x64-msvc-4.2.4.tgz. Extracting by manifest.
222 silly tarball no local data for @vitejs/plugin-react@https://registry.npmjs.org/@vitejs/plugin-react/-/plugin-react-5.2.0.tgz. Extracting by manifest.
223 silly tarball no local data for @rollup/rollup-win32-x64-msvc@https://registry.npmjs.org/@rollup/rollup-win32-x64-msvc/-/rollup-win32-x64-msvc-4.60.2.tgz. Extracting by manifest.
224 silly tarball no local data for @tailwindcss/oxide@https://registry.npmjs.org/@tailwindcss/oxide/-/oxide-4.2.4.tgz. Extracting by manifest.
225 silly tarball no local data for @tailwindcss/vite@https://registry.npmjs.org/@tailwindcss/vite/-/vite-4.2.4.tgz. Extracting by manifest.
226 silly tarball no local data for @rollup/rollup-win32-x64-gnu@https://registry.npmjs.org/@rollup/rollup-win32-x64-gnu/-/rollup-win32-x64-gnu-4.60.2.tgz. Extracting by manifest.
227 silly tarball no local data for @tailwindcss/node@https://registry.npmjs.org/@tailwindcss/node/-/node-4.2.4.tgz. Extracting by manifest.
228 silly tarball no local data for @babel/parser@https://registry.npmjs.org/@babel/parser/-/parser-7.29.2.tgz. Extracting by manifest.
229 silly tarball no local data for @babel/helpers@https://registry.npmjs.org/@babel/helpers/-/helpers-7.29.2.tgz. Extracting by manifest.
230 silly tarball no local data for vite@https://registry.npmjs.org/vite/-/vite-6.4.2.tgz. Extracting by manifest.
231 silly tarball no local data for @google/genai@https://registry.npmjs.org/@google/genai/-/genai-1.50.1.tgz. Extracting by manifest.
232 silly tarball no local data for ws@https://registry.npmjs.org/ws/-/ws-8.20.0.tgz. Extracting by manifest.
233 silly tarball no local data for @esbuild/win32-x64@https://registry.npmjs.org/@esbuild/win32-x64/-/win32-x64-0.27.7.tgz. Extracting by manifest.
234 silly tarball no local data for typescript@https://registry.npmjs.org/typescript/-/typescript-5.8.3.tgz. Extracting by manifest.
235 silly tarball no local data for tar-stream@https://registry.npmjs.org/tar-stream/-/tar-stream-2.2.0.tgz. Extracting by manifest.
236 silly tarball no local data for @rolldown/pluginutils@https://registry.npmjs.org/@rolldown/pluginutils/-/pluginutils-1.0.0-rc.3.tgz. Extracting by manifest.
237 silly tarball no local data for tapable@https://registry.npmjs.org/tapable/-/tapable-2.3.3.tgz. Extracting by manifest.
238 silly tarball no local data for tar-fs@https://registry.npmjs.org/tar-fs/-/tar-fs-2.1.4.tgz. Extracting by manifest.
239 silly tarball no local data for tinyglobby@https://registry.npmjs.org/tinyglobby/-/tinyglobby-0.2.16.tgz. Extracting by manifest.
240 silly tarball no local data for tailwindcss@https://registry.npmjs.org/tailwindcss/-/tailwindcss-4.2.4.tgz. Extracting by manifest.
241 silly tarball no local data for socket.io-parser@https://registry.npmjs.org/socket.io-parser/-/socket.io-parser-4.2.6.tgz. Extracting by manifest.
242 silly tarball no local data for socket.io-adapter@https://registry.npmjs.org/socket.io-adapter/-/socket.io-adapter-2.5.6.tgz. Extracting by manifest.
243 silly tarball no local data for socket.io@https://registry.npmjs.org/socket.io/-/socket.io-4.8.3.tgz. Extracting by manifest.
244 silly tarball no local data for simple-get@https://registry.npmjs.org/simple-get/-/simple-get-4.0.1.tgz. Extracting by manifest.
245 silly tarball no local data for simple-concat@https://registry.npmjs.org/simple-concat/-/simple-concat-1.0.1.tgz. Extracting by manifest.
246 silly tarball no local data for side-channel-list@https://registry.npmjs.org/side-channel-list/-/side-channel-list-1.0.1.tgz. Extracting by manifest.
247 silly tarball no local data for rollup@https://registry.npmjs.org/rollup/-/rollup-4.60.2.tgz. Extracting by manifest.
248 silly tarball no local data for react-router@https://registry.npmjs.org/react-router/-/react-router-7.14.2.tgz. Extracting by manifest.
249 silly tarball no local data for react-router-dom@https://registry.npmjs.org/react-router-dom/-/react-router-dom-7.14.2.tgz. Extracting by manifest.
250 silly tarball no local data for react-dom@https://registry.npmjs.org/react-dom/-/react-dom-19.2.5.tgz. Extracting by manifest.
251 silly tarball no local data for react@https://registry.npmjs.org/react/-/react-19.2.5.tgz. Extracting by manifest.
252 silly tarball no local data for set-cookie-parser@https://registry.npmjs.org/set-cookie-parser/-/set-cookie-parser-2.7.2.tgz. Extracting by manifest.
253 silly tarball no local data for pump@https://registry.npmjs.org/pump/-/pump-3.0.4.tgz. Extracting by manifest.
254 silly tarball no local data for qs@https://registry.npmjs.org/qs/-/qs-6.14.2.tgz. Extracting by manifest.
255 silly tarball no local data for protobufjs@https://registry.npmjs.org/protobufjs/-/protobufjs-7.5.5.tgz. Extracting by manifest.
256 silly tarball no local data for postcss@https://registry.npmjs.org/postcss/-/postcss-8.5.10.tgz. Extracting by manifest.
257 silly tarball no local data for path-to-regexp@https://registry.npmjs.org/path-to-regexp/-/path-to-regexp-0.1.13.tgz. Extracting by manifest.
258 silly tarball no local data for picomatch@https://registry.npmjs.org/picomatch/-/picomatch-4.0.4.tgz. Extracting by manifest.
259 silly tarball no local data for prebuild-install@https://registry.npmjs.org/prebuild-install/-/prebuild-install-7.1.3.tgz. Extracting by manifest.
260 silly tarball no local data for p-retry@https://registry.npmjs.org/p-retry/-/p-retry-4.6.2.tgz. Extracting by manifest.
261 silly tarball no local data for node-releases@https://registry.npmjs.org/node-releases/-/node-releases-2.0.38.tgz. Extracting by manifest.
262 silly tarball no local data for motion-utils@https://registry.npmjs.org/motion-utils/-/motion-utils-12.36.0.tgz. Extracting by manifest.
263 silly tarball no local data for node-abi@https://registry.npmjs.org/node-abi/-/node-abi-3.89.0.tgz. Extracting by manifest.
264 silly tarball no local data for napi-build-utils@https://registry.npmjs.org/napi-build-utils/-/napi-build-utils-2.0.0.tgz. Extracting by manifest.
265 silly tarball no local data for motion-dom@https://registry.npmjs.org/motion-dom/-/motion-dom-12.38.0.tgz. Extracting by manifest.
266 silly tarball no local data for motion@https://registry.npmjs.org/motion/-/motion-12.38.0.tgz. Extracting by manifest.
267 silly tarball no local data for mimic-response@https://registry.npmjs.org/mimic-response/-/mimic-response-3.1.0.tgz. Extracting by manifest.
268 silly tarball no local data for mkdirp-classic@https://registry.npmjs.org/mkdirp-classic/-/mkdirp-classic-0.5.3.tgz. Extracting by manifest.
269 silly tarball no local data for lucide-react@https://registry.npmjs.org/lucide-react/-/lucide-react-0.546.0.tgz. Extracting by manifest.
270 silly tarball no local data for lightningcss@https://registry.npmjs.org/lightningcss/-/lightningcss-1.32.0.tgz. Extracting by manifest.
271 silly tarball no local data for lightningcss-win32-x64-msvc@https://registry.npmjs.org/lightningcss-win32-x64-msvc/-/lightningcss-win32-x64-msvc-1.32.0.tgz. Extracting by manifest.
272 silly tarball no local data for hasown@https://registry.npmjs.org/hasown/-/hasown-2.0.3.tgz. Extracting by manifest.
273 silly tarball no local data for json-bigint@https://registry.npmjs.org/json-bigint/-/json-bigint-1.0.0.tgz. Extracting by manifest.
274 silly tarball no local data for google-logging-utils@https://registry.npmjs.org/google-logging-utils/-/google-logging-utils-1.1.3.tgz. Extracting by manifest.
275 silly tarball no local data for github-from-package@https://registry.npmjs.org/github-from-package/-/github-from-package-0.0.0.tgz. Extracting by manifest.
276 silly tarball no local data for google-auth-library@https://registry.npmjs.org/google-auth-library/-/google-auth-library-10.6.2.tgz. Extracting by manifest.
277 silly tarball no local data for get-tsconfig@https://registry.npmjs.org/get-tsconfig/-/get-tsconfig-4.14.0.tgz. Extracting by manifest.
278 silly tarball no local data for gcp-metadata@https://registry.npmjs.org/gcp-metadata/-/gcp-metadata-8.1.2.tgz. Extracting by manifest.
279 silly tarball no local data for gaxios@https://registry.npmjs.org/gaxios/-/gaxios-7.1.4.tgz. Extracting by manifest.
280 silly tarball no local data for fs-constants@https://registry.npmjs.org/fs-constants/-/fs-constants-1.0.0.tgz. Extracting by manifest.
281 silly tarball no local data for framer-motion@https://registry.npmjs.org/framer-motion/-/framer-motion-12.38.0.tgz. Extracting by manifest.
282 silly tarball no local data for expand-template@https://registry.npmjs.org/expand-template/-/expand-template-2.0.3.tgz. Extracting by manifest.
283 silly tarball no local data for esbuild@https://registry.npmjs.org/esbuild/-/esbuild-0.27.7.tgz. Extracting by manifest.
284 silly tarball no local data for engine.io@https://registry.npmjs.org/engine.io/-/engine.io-6.6.6.tgz. Extracting by manifest.
285 silly tarball no local data for enhanced-resolve@https://registry.npmjs.org/enhanced-resolve/-/enhanced-resolve-5.21.0.tgz. Extracting by manifest.
286 silly tarball no local data for decompress-response@https://registry.npmjs.org/decompress-response/-/decompress-response-6.0.0.tgz. Extracting by manifest.
287 silly tarball no local data for dotenv@https://registry.npmjs.org/dotenv/-/dotenv-17.4.2.tgz. Extracting by manifest.
288 silly tarball no local data for chownr@https://registry.npmjs.org/chownr/-/chownr-1.1.4.tgz. Extracting by manifest.
289 silly tarball no local data for electron-to-chromium@https://registry.npmjs.org/electron-to-chromium/-/electron-to-chromium-1.5.344.tgz. Extracting by manifest.
290 silly tarball no local data for caniuse-lite@https://registry.npmjs.org/caniuse-lite/-/caniuse-lite-1.0.30001790.tgz. Extracting by manifest.
291 silly tarball no local data for browserslist@https://registry.npmjs.org/browserslist/-/browserslist-4.28.2.tgz. Extracting by manifest.
292 silly tarball no local data for body-parser@https://registry.npmjs.org/body-parser/-/body-parser-1.20.5.tgz. Extracting by manifest.
293 silly tarball no local data for better-sqlite3@https://registry.npmjs.org/better-sqlite3/-/better-sqlite3-12.9.0.tgz. Extracting by manifest.
294 silly tarball no local data for baseline-browser-mapping@https://registry.npmjs.org/baseline-browser-mapping/-/baseline-browser-mapping-2.10.21.tgz. Extracting by manifest.
295 silly tarball no local data for base64id@https://registry.npmjs.org/base64id/-/base64id-2.0.0.tgz. Extracting by manifest.
296 silly tarball no local data for autoprefixer@https://registry.npmjs.org/autoprefixer/-/autoprefixer-10.5.0.tgz. Extracting by manifest.
297 silly tarball no local data for @types/send@https://registry.npmjs.org/@types/send/-/send-0.17.6.tgz. Extracting by manifest.
298 silly tarball no local data for semver@https://registry.npmjs.org/semver/-/semver-7.7.4.tgz. Extracting by manifest.
299 silly tarball no local data for esbuild@https://registry.npmjs.org/esbuild/-/esbuild-0.25.12.tgz. Extracting by manifest.
300 silly tarball no local data for qs@https://registry.npmjs.org/qs/-/qs-6.15.1.tgz. Extracting by manifest.
301 http fetch GET https://registry.npmjs.org/update-browserslist-db/-/update-browserslist-db-1.2.3.tgz attempt 1 failed with EACCES
302 http fetch GET https://registry.npmjs.org/tsx/-/tsx-4.21.0.tgz attempt 1 failed with EACCES
303 http fetch GET https://registry.npmjs.org/semver/-/semver-6.3.1.tgz attempt 1 failed with EACCES
304 http fetch GET https://registry.npmjs.org/rc/-/rc-1.2.8.tgz attempt 1 failed with EACCES
305 http fetch GET https://registry.npmjs.org/nanoid/-/nanoid-3.3.11.tgz attempt 1 failed with EACCES
306 http fetch GET https://registry.npmjs.org/mime/-/mime-1.6.0.tgz attempt 1 failed with EACCES
307 http fetch GET https://registry.npmjs.org/json5/-/json5-2.2.3.tgz attempt 1 failed with EACCES
308 http fetch GET https://registry.npmjs.org/jsesc/-/jsesc-3.1.0.tgz attempt 1 failed with EACCES
309 http fetch GET https://registry.npmjs.org/@types/serve-static/-/serve-static-1.15.10.tgz attempt 1 failed with EACCES
310 http fetch GET https://registry.npmjs.org/@types/retry/-/retry-0.12.0.tgz attempt 1 failed with EACCES
311 http fetch GET https://registry.npmjs.org/@types/qs/-/qs-6.15.0.tgz attempt 1 failed with EACCES
312 http fetch GET https://registry.npmjs.org/@types/node/-/node-22.19.17.tgz attempt 1 failed with EACCES
313 http fetch GET https://registry.npmjs.org/@types/mime/-/mime-1.3.5.tgz attempt 1 failed with EACCES
314 http fetch GET https://registry.npmjs.org/jiti/-/jiti-2.6.1.tgz attempt 1 failed with EACCES
315 http fetch GET https://registry.npmjs.org/@types/express/-/express-4.17.25.tgz attempt 1 failed with EACCES
316 http fetch GET https://registry.npmjs.org/npm attempt 2 failed with EACCES
317 http fetch GET https://registry.npmjs.org/update-browserslist-db/-/update-browserslist-db-1.2.3.tgz attempt 2 failed with EACCES
318 http fetch GET https://registry.npmjs.org/tsx/-/tsx-4.21.0.tgz attempt 2 failed with EACCES
319 http fetch GET https://registry.npmjs.org/semver/-/semver-6.3.1.tgz attempt 2 failed with EACCES
320 http fetch GET https://registry.npmjs.org/rc/-/rc-1.2.8.tgz attempt 2 failed with EACCES
321 http fetch GET https://registry.npmjs.org/nanoid/-/nanoid-3.3.11.tgz attempt 2 failed with EACCES
322 http fetch GET https://registry.npmjs.org/mime/-/mime-1.6.0.tgz attempt 2 failed with EACCES
323 http fetch GET https://registry.npmjs.org/json5/-/json5-2.2.3.tgz attempt 2 failed with EACCES
324 http fetch GET https://registry.npmjs.org/jsesc/-/jsesc-3.1.0.tgz attempt 2 failed with EACCES
325 http fetch GET https://registry.npmjs.org/@types/serve-static/-/serve-static-1.15.10.tgz attempt 2 failed with EACCES
326 http fetch GET https://registry.npmjs.org/@types/retry/-/retry-0.12.0.tgz attempt 2 failed with EACCES
327 http fetch GET https://registry.npmjs.org/@types/qs/-/qs-6.15.0.tgz attempt 2 failed with EACCES
328 http fetch GET https://registry.npmjs.org/@types/node/-/node-22.19.17.tgz attempt 2 failed with EACCES
329 http fetch GET https://registry.npmjs.org/@types/mime/-/mime-1.3.5.tgz attempt 2 failed with EACCES
330 http fetch GET https://registry.npmjs.org/jiti/-/jiti-2.6.1.tgz attempt 2 failed with EACCES
331 http fetch GET https://registry.npmjs.org/@types/express/-/express-4.17.25.tgz attempt 2 failed with EACCES
332 http fetch GET https://registry.npmjs.org/npm attempt 3 failed with EACCES
333 http fetch GET https://registry.npmjs.org/update-browserslist-db/-/update-browserslist-db-1.2.3.tgz attempt 3 failed with EACCES
334 http fetch GET https://registry.npmjs.org/tsx/-/tsx-4.21.0.tgz attempt 3 failed with EACCES
335 http fetch GET https://registry.npmjs.org/semver/-/semver-6.3.1.tgz attempt 3 failed with EACCES
336 http fetch GET https://registry.npmjs.org/rc/-/rc-1.2.8.tgz attempt 3 failed with EACCES
337 http fetch GET https://registry.npmjs.org/nanoid/-/nanoid-3.3.11.tgz attempt 3 failed with EACCES
338 http fetch GET https://registry.npmjs.org/mime/-/mime-1.6.0.tgz attempt 3 failed with EACCES
339 http fetch GET https://registry.npmjs.org/json5/-/json5-2.2.3.tgz attempt 3 failed with EACCES
340 http fetch GET https://registry.npmjs.org/jsesc/-/jsesc-3.1.0.tgz attempt 3 failed with EACCES
341 http fetch GET https://registry.npmjs.org/@types/serve-static/-/serve-static-1.15.10.tgz attempt 3 failed with EACCES
342 http fetch GET https://registry.npmjs.org/@types/retry/-/retry-0.12.0.tgz attempt 3 failed with EACCES
343 http fetch GET https://registry.npmjs.org/@types/qs/-/qs-6.15.0.tgz attempt 3 failed with EACCES
344 http fetch GET https://registry.npmjs.org/@types/node/-/node-22.19.17.tgz attempt 3 failed with EACCES
345 http fetch GET https://registry.npmjs.org/@types/mime/-/mime-1.3.5.tgz attempt 3 failed with EACCES
346 http fetch GET https://registry.npmjs.org/jiti/-/jiti-2.6.1.tgz attempt 3 failed with EACCES
347 http fetch GET https://registry.npmjs.org/@types/express/-/express-4.17.25.tgz attempt 3 failed with EACCES
348 verbose cwd C:\RACshuffer2026google\RACfleet2026google
349 verbose os Windows_NT 10.0.26200
350 verbose node v24.13.0
351 verbose npm  v11.7.0
352 error Exit handler never called!
353 error This is an error with npm itself. Please report this error at:
354 error   <https://github.com/npm/cli/issues>
355 verbose exit 1
356 verbose code 1
357 error A complete log of this run can be found in: c:\RACshuffer2026google\.npm-cache\_logs\2026-04-25T13_33_51_356Z-debug-0.log
